Log file open, 12/13/16 02:09:34
LogInit:Display: Running engine for game: DemonFps
LogPlatformFile: Not using cached read wrapper
LogInit:Display: RandInit(-275481862) SRandInit(-275481861).
LogTaskGraph: Started task graph with 4 named threads and 7 total threads with 1 sets of task threads.
LogStats: Stats thread started at 8.826268
LogInit: Version: 4.12.5-3039270+++UE4+Release-4.12
LogInit: API Version: 2992821
LogInit: Net Version: 3039270
LogDevObjectVersion: Number of dev versions registered: 13
LogDevObjectVersion:   Dev-Blueprints (B0D832E4-1F89-4F0D-ACCF-7EB736FD4AA2): 3
LogDevObjectVersion:   Dev-Build (E1C64328-A22C-4D53-A36C-8E866417BD8C): 0
LogDevObjectVersion:   Dev-Core (375EC13C-06E4-48FB-B500-84F0262A717E): 1
LogDevObjectVersion:   Dev-Editor (E4B068ED-F494-42E9-A231-DA0B2E46BB41): 2
LogDevObjectVersion:   Dev-Framework (CFFC743F-43B0-4480-9391-14DF171D2073): 6
LogDevObjectVersion:   Dev-Mobile (B02B49B5-BB20-44E9-A304-32B752E40360): 0
LogDevObjectVersion:   Dev-Networking (A4E4105C-59A1-49B5-A7C5-40C4547EDFEE): 0
LogDevObjectVersion:   Dev-Online (39C831C9-5AE6-47DC-9A44-9C173E1C8E7C): 0
LogDevObjectVersion:   Dev-Physics (78F01B33-EBEA-4F98-B9B4-84EACCB95AA2): 0
LogDevObjectVersion:   Dev-Platform (6631380F-2D4D-43E0-8009-CF276956A95A): 0
LogDevObjectVersion:   Dev-Rendering (12F88B9F-8875-4AFC-A67C-D90C383ABD29): 2
LogDevObjectVersion:   Dev-Sequencer (7B5AE74C-D270-4C10-A958-57980B212A5A): 0
LogDevObjectVersion:   Dev-VR (D7296918-1DD6-4BDD-9DE2-64A83CC13884): 0
LogInit: Compiled (64-bit): Jul  6 2016 09:09:46
LogInit: Compiled with Visual C++: 19.00.23026.00
LogInit: Build Configuration: Development
LogInit: Branch Name: ++UE4+Release-4.12
LogInit: Command line:  
LogInit: Base directory: C:/Program Files/Epic Games/4.12/Engine/Binaries/Win64/
LogInit: Installed Engine Build: 1
LogInit: Using libcurl 7.41.0
LogInit:  - built for x86_64-pc-win32
LogInit:  - supports SSL with WinSSL
LogInit:  - other features:
LogInit:      CURL_VERSION_SSL
LogInit:      CURL_VERSION_IPV6
LogInit:      CURL_VERSION_ASYNCHDNS
LogInit:      CURL_VERSION_LARGEFILE
LogInit:      CURL_VERSION_IDN
LogInit:  CurlRequestOptions (configurable via config and command line):
LogInit:  - bVerifyPeer = true  - Libcurl will verify peer certificate
LogInit:  - bUseHttpProxy = false  - Libcurl will NOT use HTTP proxy
LogInit:  - bDontReuseConnections = false  - Libcurl will reuse connections
LogInit:  - CertBundlePath = nullptr  - Libcurl will use whatever was configured at build time.
LogInit: Presizing for max 8388607 objects, including 0 objects not considered by GC, pre-allocating 0 bytes for permanent pool.
LogInit: Object subsystem initialized
[2016.12.13-10.09.35:615][  0]LogInit: Selected Device Profile: [Windows]
[2016.12.13-10.09.35:615][  0]LogInit: Applying CVar settings loaded from the selected device profile: [Windows]
[2016.12.13-10.09.35:803][  0]LogInit: Computer: GODLIKESYSTEM
[2016.12.13-10.09.35:803][  0]LogInit: User: Demonic
[2016.12.13-10.09.35:803][  0]LogInit: CPU Page size=65536, Cores=4
[2016.12.13-10.09.35:803][  0]LogInit: High frequency timer resolution =3.312871 MHz
[2016.12.13-10.09.35:804][  0]LogMemory: Memory total: Physical=8.0GB (8GB approx)
[2016.12.13-10.09.35:804][  0]LogMemory: Platform Memory Stats for Windows
[2016.12.13-10.09.35:804][  0]LogMemory: Process Physical Memory: 192.16 MB used, 192.16 MB peak
[2016.12.13-10.09.35:804][  0]LogMemory: Process Virtual Memory: 197.10 MB used, 197.10 MB peak
[2016.12.13-10.09.35:804][  0]LogMemory: Physical Memory: 5155.38 MB used, 8174.04 MB total
[2016.12.13-10.09.35:804][  0]LogMemory: Virtual Memory: 520.69 MB used, 8388608.00 MB total
[2016.12.13-10.09.38:518][  0]LogTextLocalizationManager: No specific translations for ('en-US') exist, so ('en') translations will be used.
[2016.12.13-10.09.41:151][  0]LogD3D11RHI: D3D11 adapters:
[2016.12.13-10.09.41:649][  0]LogD3D11RHI:    0. 'NVIDIA GeForce GT 440' (Feature Level 11_0)
[2016.12.13-10.09.41:649][  0]LogD3D11RHI:       1489/0/2559 MB DedicatedVideo/DedicatedSystem/SharedSystem, Outputs:1, VendorId:0x10de
[2016.12.13-10.09.41:649][  0]LogD3D11RHI: Chosen D3D11 Adapter: 0
[2016.12.13-10.09.41:654][  0]LogD3D11RHI: Creating new Direct3DDevice
[2016.12.13-10.09.41:655][  0]LogD3D11RHI:     GPU DeviceId: 0xdc0 (for the marketing name, search the web for "GPU Device Id")
[2016.12.13-10.09.41:655][  0]LogWindows: EnumDisplayDevices:
[2016.12.13-10.09.41:655][  0]LogWindows:    0. 'NVIDIA GeForce GT 440' (P:1 D:1)
[2016.12.13-10.09.41:655][  0]LogWindows:    1. 'NVIDIA GeForce GT 440' (P:0 D:0)
[2016.12.13-10.09.41:655][  0]LogWindows:    2. 'RDPDD Chained DD' (P:0 D:0)
[2016.12.13-10.09.41:655][  0]LogWindows:    3. 'RDP Encoder Mirror Driver' (P:0 D:0)
[2016.12.13-10.09.41:655][  0]LogWindows:    4. 'RDP Reflector Display Driver' (P:0 D:0)
[2016.12.13-10.09.41:655][  0]LogWindows: DebugString: GetVideoDriverDetailsInvalid PrimaryIsNotTheChoosenAdapter GetVideoDriverDetailsInvalid PrimaryIsNotTheChoosenAdapter GetVideoDriverDetailsInvalid PrimaryIsNotTheChoosenAdapter FoundDriverCount:2 
[2016.12.13-10.09.41:655][  0]LogD3D11RHI:     Adapter Name: NVIDIA GeForce GT 440
[2016.12.13-10.09.41:655][  0]LogD3D11RHI:   Driver Version: 364.72 (internal:10.18.13.6472, unified:364.72)
[2016.12.13-10.09.41:655][  0]LogD3D11RHI:      Driver Date: 3-21-2016
[2016.12.13-10.09.41:655][  0]LogRHI: Texture pool is 1042 MB (70% of 1489 MB)
[2016.12.13-10.09.41:664][  0]LogD3D11RHI: Async texture creation enabled
[2016.12.13-10.09.42:209][  0]LogD3D11RHI: GPU Timing Frequency: 1000.000000 (Debug: 2 2)
[2016.12.13-10.09.42:372][  0]LogShaderCompilers: Guid format shader working directory is 0 characters bigger than the processId version (../../../../../../Users/Demonic/Desktop/DemonFps/Intermediate/Shaders/WorkingDirectory/8488/).
[2016.12.13-10.09.42:372][  0]LogShaderCompilers: Cleaned the shader compiler working directory 'C:/Users/Demonic/AppData/Local/Temp/UnrealShaderWorkingDir/DB3FFBA64824355C7E557BBE964E11E8/'.
[2016.12.13-10.09.42:393][  0]LogShaderCompilers:Display: Using Local Shader Compiler.
[2016.12.13-10.09.54:223][  0]LogTemp:Display: Loaded TP AllDesktopTargetPlatform
[2016.12.13-10.09.54:268][  0]LogTemp:Display: Loaded TP WindowsClientTargetPlatform
[2016.12.13-10.09.54:322][  0]LogTemp:Display: Loaded TP WindowsNoEditorTargetPlatform
[2016.12.13-10.09.54:363][  0]LogTemp:Display: Loaded TP WindowsServerTargetPlatform
[2016.12.13-10.09.54:422][  0]LogTemp:Display: Loaded TP WindowsTargetPlatform
[2016.12.13-10.09.54:465][  0]LogTemp:Display: Loaded TP AndroidTargetPlatform
[2016.12.13-10.09.54:507][  0]LogTemp:Display: Loaded TP Android_ASTCTargetPlatform
[2016.12.13-10.09.54:551][  0]LogTemp:Display: Loaded TP Android_ATCTargetPlatform
[2016.12.13-10.09.54:609][  0]LogTemp:Display: Loaded TP Android_DXTTargetPlatform
[2016.12.13-10.09.54:702][  0]LogTemp:Display: Loaded TP Android_ETC1TargetPlatform
[2016.12.13-10.09.54:742][  0]LogTemp:Display: Loaded TP Android_ETC2TargetPlatform
[2016.12.13-10.09.54:810][  0]LogTemp:Display: Loaded TP Android_MultiTargetPlatform
[2016.12.13-10.09.54:810][  0]LogTemp:Display: Loaded TP Android_PVRTCTargetPlatform
[2016.12.13-10.09.54:840][  0]LogTemp:Display: Loaded TP HTML5TargetPlatform
[2016.12.13-10.09.55:001][  0]LogTemp:Display: Loaded TP IOSTargetPlatform
[2016.12.13-10.09.55:041][  0]LogTemp:Display: Loaded TP TVOSTargetPlatform
[2016.12.13-10.09.55:086][  0]LogTemp:Display: Loaded TP LinuxNoEditorTargetPlatform
[2016.12.13-10.09.55:131][  0]LogTemp:Display: Loaded TP LinuxServerTargetPlatform
[2016.12.13-10.09.55:199][  0]LogTemp:Display: Loaded TP LinuxTargetPlatform
[2016.12.13-10.09.55:199][  0]LogTargetPlatformManager:Display: Building Assets For Windows
[2016.12.13-10.09.57:030][  0]LogDerivedDataCache:Display: Max Cache Size: 512 MB
[2016.12.13-10.10.00:236][  0]LogDerivedDataCache: Loaded boot cache 3.18s 48MB C:/Users/Demonic/AppData/Local/UnrealEngine/4.12/DerivedDataCache/Boot.ddc.
[2016.12.13-10.10.00:236][  0]LogDerivedDataCache:Display: Loaded Boot cache: C:/Users/Demonic/AppData/Local/UnrealEngine/4.12/DerivedDataCache/Boot.ddc
[2016.12.13-10.10.00:236][  0]LogDerivedDataCache: FDerivedDataBackendGraph:  Pak pak cache file ../../../../../../Users/Demonic/Desktop/DemonFps/DerivedDataCache/DDC.ddp not found, will not use a pak cache.
[2016.12.13-10.10.00:236][  0]LogDerivedDataCache: Unable to find inner node Pak for hierarchical cache Hierarchy.
[2016.12.13-10.10.00:236][  0]LogDerivedDataCache: FDerivedDataBackendGraph:  CompressedPak pak cache file ../../../../../../Users/Demonic/Desktop/DemonFps/DerivedDataCache/Compressed.ddp not found, will not use a pak cache.
[2016.12.13-10.10.00:236][  0]LogDerivedDataCache: Unable to find inner node CompressedPak for hierarchical cache Hierarchy.
[2016.12.13-10.10.00:504][  0]LogDerivedDataCache:Display: Pak cache opened for reading ../../../Engine/DerivedDataCache/Compressed.ddp.
[2016.12.13-10.10.00:560][  0]LogDerivedDataCache: Using Local data cache path C:/Users/Demonic/AppData/Local/UnrealEngine/Common/DerivedDataCache: Writable
[2016.12.13-10.10.08:660][  0]LogInit: Selected Device Profile: [Windows]
[2016.12.13-10.10.08:820][  0]LogContentStreaming: Texture pool size is 0.00 MB
[2016.12.13-10.10.11:637][  0]LogMeshUtilities: No automatic mesh reduction module available
[2016.12.13-10.10.11:637][  0]LogMeshUtilities: No automatic mesh merging module available
[2016.12.13-10.10.11:637][  0]LogMeshUtilities: No distributed automatic mesh merging module available
[2016.12.13-10.10.21:932][  0]LogAssetRegistry: FAssetRegistry took 0.0202 seconds to start up
[2016.12.13-10.10.22:853][  0]LogPackageLocalizationCache: Processed 3 localized package path(s) for 2 prioritized culture(s) in 0.764106 seconds
[2016.12.13-10.10.23:084][  0]LogUObjectArray: 28739 objects as part of root set at end of initial load.
[2016.12.13-10.10.23:085][  0]LogUObjectAllocator: 5855632 out of 0 bytes used by permanent object pool.
[2016.12.13-10.10.23:085][  0]LogUObjectArray: CloseDisregardForGC: 0/0 objects in disregard for GC pool
[2016.12.13-10.10.23:159][  0]LogInit: WinSock: version 1.1 (2.2), MaxSocks=32767, MaxUdp=65467
[2016.12.13-10.10.35:967][  0]LogSlate: SlateFontCache - WITH_FREETYPE: 1, WITH_HARFBUZZ: 1
[2016.12.13-10.10.35:967][  0]LogSlate: SlateFontCache - WITH_FREETYPE: 1, WITH_HARFBUZZ: 1
[2016.12.13-10.11.30:011][  0]LogUdpMessaging: Initializing bridge on interface 0.0.0.0:0 to multicast group 230.0.0.1:6666.
[2016.12.13-10.11.33:441][  0]SourceControl: Info Source control is disabled
[2016.12.13-10.11.33:468][  0]SourceControl: Info Source control is disabled
[2016.12.13-10.11.33:562][  0]SourceControl: Info Source control is disabled
[2016.12.13-10.11.33:695][  0]SourceControl: Info Source control is disabled
[2016.12.13-10.11.34:510][  0]LogLinker:Warning: Can't find file '/Game/TopDownCPP/TopDownOverview'
[2016.12.13-10.11.34:510][  0]LogLinker:Warning: Can't find file '/Game/TopDownCPP/TopDownOverview'
[2016.12.13-10.11.34:510][  0]LogUObjectGlobals:Warning: Failed to find object 'Class /Game/TopDownCPP/TopDownOverview.TopDownOverview_C'
[2016.12.13-10.11.35:721][  0]LogEngine: Initializing Engine...
[2016.12.13-10.11.35:829][  0]LogHMD: SteamVR failed to initialize.  Err: 110
[2016.12.13-10.11.35:831][  0]LogHMD: SteamVR failed to initialize.  Err: 110
[2016.12.13-10.11.37:712][  0]LogAIModule: Creating AISystem for world NewWorld
[2016.12.13-10.11.37:939][  0]LogInit: XAudio2 using 'Speakers (Realtek High Definition Audio)' : 2 channels at 48 kHz using 32 bits per sample (channel mask 0x3)
[2016.12.13-10.11.37:973][  0]LogInit: FAudioDevice initialized.
[2016.12.13-10.11.37:998][  0]LogDerivedDataCache: Saved boot cache 0.03s 48MB C:/Users/Demonic/AppData/Local/UnrealEngine/4.12/DerivedDataCache/Boot.ddc.
[2016.12.13-10.11.38:006][  0]LogInit: Texture streaming: Enabled
[2016.12.13-10.11.38:454][  0]LogInit: Transaction tracking system initialized
[2016.12.13-10.11.38:819][  0]BlueprintLog: New page: Editor Load
[2016.12.13-10.11.40:224][  0]LocalizationService: Info Localization service is disabled
[2016.12.13-10.11.41:147][  0]LogConsoleResponse:Display: 
[2016.12.13-10.11.47:843][  0]LogCook:Display: Max memory allowance for cook 8192mb
[2016.12.13-10.11.47:843][  0]LogCook:Display: Mobile HDR setting 1
[2016.12.13-10.11.48:868][  0]LogFileCache: Scanning file cache for directory 'C:/Users/Demonic/Desktop/DemonFps/Content/' took 0.03s
[2016.12.13-10.11.51:564][  0]SourceControl: Info Source control is disabled
[2016.12.13-10.11.51:565][  0]Cmd: MAP LOAD FILE="../../../../../../Users/Demonic/Desktop/DemonFps/Content/FirstPersonBP/Maps/map1.umap" TEMPLATE=0 SHOWPROGRESS=1 FEATURELEVEL=3
[2016.12.13-10.11.51:565][  0]LightingResults: New page: Lighting Build
[2016.12.13-10.11.51:670][  0]MapCheck: New page: Map Check
[2016.12.13-10.11.51:670][  0]LightingResults: New page: Lighting Build
[2016.12.13-10.12.04:986][  0]LogAIModule: Creating AISystem for world map1
[2016.12.13-10.12.05:722][  0]LogEditorServer: Finished looking for orphan Actors (0.000 secs)
[2016.12.13-10.12.05:765][  0]Cmd: MAP CHECKDEP NOCLEARLOG
[2016.12.13-10.12.05:806][  0]MapCheck: Info Map check complete: 0 Error(s), 0 Warning(s), took 41.077ms to complete.
[2016.12.13-10.12.05:806][  0]LogFileHelpers: Loading map 'map1' took 14.241
[2016.12.13-10.12.06:405][  0]LogCollectionManager: Loaded 0 collections in 0.001533 seconds
[2016.12.13-10.12.06:443][  0]LogFileCache: Scanning file cache for directory 'C:/Users/Demonic/Desktop/DemonFps/Saved/Collections/' took 0.01s
[2016.12.13-10.12.06:443][  0]LogFileCache: Scanning file cache for directory 'C:/Users/Demonic/Desktop/DemonFps/Content/Developers/Demonic/Collections/' took 0.01s
[2016.12.13-10.12.06:443][  0]LogFileCache: Scanning file cache for directory 'C:/Users/Demonic/Desktop/DemonFps/Content/Collections/' took 0.01s
[2016.12.13-10.12.06:443][  0]LogCollectionManager: Rebuilt the GUID cache for 0 collections in 0.000007 seconds
[2016.12.13-10.12.06:452][  0]LogContentBrowser: Native class hierarchy populated in 0.0087 seconds. Added 2047 classes and 369 folders.
[2016.12.13-10.12.06:457][  0]LogStats: UGameplayTagsManager::ConstructGameplayTagTree: Construct from data asset -  0.000 s
[2016.12.13-10.12.06:457][  0]LogStats: UGameplayTagsManager::ConstructGameplayTagTree: GameplayTagTreeChangedEvent.Broadcast -  0.000 s
[2016.12.13-10.12.06:458][  0]LogContentBrowser: Native class hierarchy updated for 'GameplayTags' in 0.0005 seconds. Added 12 classes and 0 folders.
[2016.12.13-10.12.06:464][  0]LogContentBrowser: Native class hierarchy updated for 'WidgetCarousel' in 0.0004 seconds. Added 0 classes and 0 folders.
[2016.12.13-10.12.09:039][  0]LogContentBrowser: Native class hierarchy updated for 'AddContentDialog' in 0.0005 seconds. Added 0 classes and 0 folders.
[2016.12.13-10.12.09:103][  0]LogContentBrowser: Native class hierarchy updated for 'SceneOutliner' in 0.0004 seconds. Added 1 classes and 2 folders.
[2016.12.13-10.12.09:304][  0]LogCrashTracker: Crashtracker disabled due to settings.
[2016.12.13-10.12.09:322][  0]LogUObjectGlobals:Warning: Failed to find object 'Class None.'
[2016.12.13-10.12.09:410][  0]LogContentBrowser: Native class hierarchy updated for 'HierarchicalLODOutliner' in 0.0004 seconds. Added 1 classes and 2 folders.
[2016.12.13-10.12.09:411][  0]LogLoad: Full Startup: 176.66 seconds (BP compile: 1.02 seconds)
[2016.12.13-10.12.09:411][  0]LogExternalProfiler: Found external profiler: VSPerf
[2016.12.13-10.12.09:411][  0]LogExternalProfiler: Using external profiler: VSPerf
[2016.12.13-10.12.09:909][  0]LogOcInput: OculusInput pre-init called
[2016.12.13-10.12.09:958][  0]LogContentStreaming: Texture pool size now 1000 MB
[2016.12.13-10.12.11:225][  0]LogRenderer: Reallocating scene render targets to support 704x540 (Frame:2).
[2016.12.13-10.12.11:619][  1]LogCollectionManager: Rebuilt the object cache for 0 collections in 0.000001 seconds (found 0 objects)
[2016.12.13-10.12.12:375][  2]LogAssetRegistry: Asset discovery search completed in 110.4609 seconds
[2016.12.13-10.12.12:375][  2]LogCollectionManager: Fixed up redirectors for 0 collections in 0.000022 seconds (updated 0 objects)
[2016.12.13-10.12.23:284][328]LogBlueprintUserMessages: Early PlayInEditor Detection: Level '/Game/FirstPersonBP/Maps/map1.map1:PersistentLevel' has LevelScriptBlueprint '/Game/FirstPersonBP/Maps/map1.map1:PersistentLevel.map1' with GeneratedClass '/Game/FirstPersonBP/Maps/map1.map1_C' with ClassGeneratedBy '/Game/FirstPersonBP/Maps/map1.map1:PersistentLevel.map1'
[2016.12.13-10.12.23:284][328]LogPlayLevel: PlayLevel: No blueprints needed recompiling
[2016.12.13-10.12.23:354][328]PIE: New page: PIE session: map1 (Dec 12, 2016, 6:12:23 PM)
[2016.12.13-10.12.23:354][328]LogPlayLevel: Creating play world package: /Game/FirstPersonBP/Maps/UEDPIE_0_map1
[2016.12.13-10.12.23:394][328]LogPlayLevel: PIE: StaticDuplicateObject took: (0.039535s)
[2016.12.13-10.12.23:395][328]LogAIModule: Creating AISystem for world map1
[2016.12.13-10.12.23:395][328]LogPlayLevel: PIE: World Init took: (0.001252s)
[2016.12.13-10.12.23:395][328]LogPlayLevel: PIE: Created PIE world by copying editor world from /Game/FirstPersonBP/Maps/map1.map1 to /Game/FirstPersonBP/Maps/UEDPIE_0_map1.map1 (0.041157s)
[2016.12.13-10.12.23:502][328]LogInit: XAudio2 using 'Speakers (Realtek High Definition Audio)' : 2 channels at 48 kHz using 32 bits per sample (channel mask 0x3)
[2016.12.13-10.12.23:531][328]LogInit: FAudioDevice initialized.
[2016.12.13-10.12.23:726][328]LogWorld: Game class is 'FirstPersonGameMode_C'
[2016.12.13-10.12.23:787][328]LogWorld: Bringing World /Game/FirstPersonBP/Maps/UEDPIE_0_map1.map1 up for play (max tick rate 0) at 2016.12.13-02.12.23
[2016.12.13-10.12.23:833][328]LogWorld: Bringing up level for play took: 0.052594
[2016.12.13-10.12.23:996][328]LogContentBrowser: Native class hierarchy updated for 'MovieSceneCapture' in 0.0004 seconds. Added 11 classes and 0 folders.
[2016.12.13-10.12.24:012][328]PIE: Info Play in editor start time for /Game/FirstPersonBP/Maps/UEDPIE_0_map1 0.952
[2016.12.13-10.12.24:012][328]LogBlueprintUserMessages: Late PlayInEditor Detection: Level '/Game/FirstPersonBP/Maps/map1.map1:PersistentLevel' has LevelScriptBlueprint '/Game/FirstPersonBP/Maps/map1.map1:PersistentLevel.map1' with GeneratedClass '/Game/FirstPersonBP/Maps/map1.map1_C' with ClassGeneratedBy '/Game/FirstPersonBP/Maps/map1.map1:PersistentLevel.map1'
[2016.12.13-10.13.00:059][353]LogNet: Browse: /Game/FirstPersonBP/Maps/map1
[2016.12.13-10.13.00:075][353]LogLoad: LoadMap: /Game/FirstPersonBP/Maps/map1
[2016.12.13-10.13.00:198][353]Cmd: MEM
[2016.12.13-10.13.00:288][353]LogMemory: Platform Memory Stats for Windows
[2016.12.13-10.13.00:288][353]LogMemory: Process Physical Memory: 875.80 MB used, 891.71 MB peak
[2016.12.13-10.13.00:288][353]LogMemory: Process Virtual Memory: 1371.69 MB used, 1375.70 MB peak
[2016.12.13-10.13.00:288][353]LogMemory: Physical Memory: 5340.75 MB used, 8174.04 MB total
[2016.12.13-10.13.00:288][353]LogMemory: Virtual Memory: 2041.59 MB used, 8388608.00 MB total
[2016.12.13-10.13.00:288][353]LogMemory: 
[2016.12.13-10.13.00:288][353]Allocator Stats for TBB: (not implemented)
[2016.12.13-10.13.00:288][353]LogPlayLevel: Creating play world package: /Game/FirstPersonBP/Maps/UEDPIE_0_map1
[2016.12.13-10.13.00:321][353]LogPlayLevel: PIE: StaticDuplicateObject took: (0.032893s)
[2016.12.13-10.13.00:322][353]LogAIModule: Creating AISystem for world map1
[2016.12.13-10.13.00:322][353]LogPlayLevel: PIE: World Init took: (0.000891s)
[2016.12.13-10.13.00:322][353]LogPlayLevel: PIE: Created PIE world by copying editor world from /Game/FirstPersonBP/Maps/map1.map1 to /Game/FirstPersonBP/Maps/UEDPIE_0_map1.map1 (0.034038s)
[2016.12.13-10.13.00:322][353]LogWorld: Game class is 'FirstPersonGameMode_C'
[2016.12.13-10.13.00:330][353]LogWorld: Bringing World /Game/FirstPersonBP/Maps/UEDPIE_0_map1.map1 up for play (max tick rate 0) at 2016.12.13-02.13.00
[2016.12.13-10.13.00:332][353]LogWorld: Bringing up level for play took: 0.009058
[2016.12.13-10.13.00:334][353]LogLoad: Took 0.258683 seconds to LoadMap(/Game/FirstPersonBP/Maps/UEDPIE_0_map1)
[2016.12.13-10.13.16:262][233]LogBlueprintUserMessages: Early EndPlayMap Detection: Level '/Game/FirstPersonBP/Maps/map1.map1:PersistentLevel' has LevelScriptBlueprint '/Game/FirstPersonBP/Maps/map1.map1:PersistentLevel.map1' with GeneratedClass '/Game/FirstPersonBP/Maps/map1.map1_C' with ClassGeneratedBy '/Game/FirstPersonBP/Maps/map1.map1:PersistentLevel.map1'
[2016.12.13-10.13.16:498][233]LogBlueprintUserMessages: Late EndPlayMap Detection: Level '/Game/FirstPersonBP/Maps/map1.map1:PersistentLevel' has LevelScriptBlueprint '/Game/FirstPersonBP/Maps/map1.map1:PersistentLevel.map1' with GeneratedClass '/Game/FirstPersonBP/Maps/map1.map1_C' with ClassGeneratedBy '/Game/FirstPersonBP/Maps/map1.map1:PersistentLevel.map1'
[2016.12.13-10.36.44:017][720]LogFactory: FactoryCreateFile: SoundWave with ReimportSoundFactory (0 0 ../../../../../../Users/Demonic/Desktop/pickup.wav)
[2016.12.13-10.36.44:166][720]LogAudioDerivedData:Display: Building compressed audio format OGG wave pickup...
[2016.12.13-10.36.44:279][720]LogAudioDerivedData:Warning: Updated SoundWave->RawPCMDataSize during cooking SoundWave /Game/RobotFps/Itemz/pickup.pickup.
[2016.12.13-10.36.59:940][136]LogContentBrowser: Native class hierarchy updated for 'BlueprintGraph' in 0.0009 seconds. Added 111 classes and 0 folders.
[2016.12.13-10.39.52:069][178]BlueprintLog: New page: Compile RepairKit_Item
[2016.12.13-10.39.52:455][178]BlueprintEditorCompileResults: Info [1839.67] Compile of RepairKit_Item successful! [in 385 ms] (/Game/RobotFps/Itemz/RepairKit_Item.RepairKit_Item)
[2016.12.13-10.40.58:419][938]BlueprintLog: New page: Compile RepairKit_Item
[2016.12.13-10.40.58:527][938]BlueprintEditorCompileResults: Info [1905.74] Compile of RepairKit_Item successful! [in 108 ms] (/Game/RobotFps/Itemz/RepairKit_Item.RepairKit_Item)
[2016.12.13-10.41.01:848][ 86]LogBlueprintUserMessages: Early PlayInEditor Detection: Level '/Game/FirstPersonBP/Maps/map1.map1:PersistentLevel' has LevelScriptBlueprint '/Game/FirstPersonBP/Maps/map1.map1:PersistentLevel.map1' with GeneratedClass '/Game/FirstPersonBP/Maps/map1.map1_C' with ClassGeneratedBy '/Game/FirstPersonBP/Maps/map1.map1:PersistentLevel.map1'
[2016.12.13-10.41.01:848][ 86]LogPlayLevel: PlayLevel: No blueprints needed recompiling
[2016.12.13-10.41.01:848][ 86]PIE: New page: PIE session: map1 (Dec 12, 2016, 6:41:01 PM)
[2016.12.13-10.41.01:848][ 86]LogPlayLevel: Creating play world package: /Game/FirstPersonBP/Maps/UEDPIE_0_map1
[2016.12.13-10.41.02:035][ 86]LogPlayLevel: PIE: StaticDuplicateObject took: (0.186834s)
[2016.12.13-10.41.02:036][ 86]LogAIModule: Creating AISystem for world map1
[2016.12.13-10.41.02:036][ 86]LogPlayLevel: PIE: World Init took: (0.000928s)
[2016.12.13-10.41.02:036][ 86]LogPlayLevel: PIE: Created PIE world by copying editor world from /Game/FirstPersonBP/Maps/map1.map1 to /Game/FirstPersonBP/Maps/UEDPIE_0_map1.map1 (0.188043s)
[2016.12.13-10.41.02:091][ 86]LogInit: XAudio2 using 'Speakers (Realtek High Definition Audio)' : 2 channels at 48 kHz using 32 bits per sample (channel mask 0x3)
[2016.12.13-10.41.02:100][ 86]LogInit: FAudioDevice initialized.
[2016.12.13-10.41.02:142][ 86]LogWorld: Game class is 'FirstPersonGameMode_C'
[2016.12.13-10.41.02:149][ 86]LogWorld: Bringing World /Game/FirstPersonBP/Maps/UEDPIE_0_map1.map1 up for play (max tick rate 0) at 2016.12.13-02.41.02
[2016.12.13-10.41.02:151][ 86]LogWorld: Bringing up level for play took: 0.008119
[2016.12.13-10.41.02:191][ 86]PIE: Info Play in editor start time for /Game/FirstPersonBP/Maps/UEDPIE_0_map1 1.088
[2016.12.13-10.41.02:191][ 86]LogBlueprintUserMessages: Late PlayInEditor Detection: Level '/Game/FirstPersonBP/Maps/map1.map1:PersistentLevel' has LevelScriptBlueprint '/Game/FirstPersonBP/Maps/map1.map1:PersistentLevel.map1' with GeneratedClass '/Game/FirstPersonBP/Maps/map1.map1_C' with ClassGeneratedBy '/Game/FirstPersonBP/Maps/map1.map1:PersistentLevel.map1'
[2016.12.13-10.41.55:850][138]LogBlueprintUserMessages: Early EndPlayMap Detection: Level '/Game/FirstPersonBP/Maps/map1.map1:PersistentLevel' has LevelScriptBlueprint '/Game/FirstPersonBP/Maps/map1.map1:PersistentLevel.map1' with GeneratedClass '/Game/FirstPersonBP/Maps/map1.map1_C' with ClassGeneratedBy '/Game/FirstPersonBP/Maps/map1.map1:PersistentLevel.map1'
[2016.12.13-10.41.55:987][138]LogBlueprintUserMessages: Late EndPlayMap Detection: Level '/Game/FirstPersonBP/Maps/map1.map1:PersistentLevel' has LevelScriptBlueprint '/Game/FirstPersonBP/Maps/map1.map1:PersistentLevel.map1' with GeneratedClass '/Game/FirstPersonBP/Maps/map1.map1_C' with ClassGeneratedBy '/Game/FirstPersonBP/Maps/map1.map1:PersistentLevel.map1'
[2016.12.13-10.43.13:032][ 43]BlueprintLog: New page: Compile RepairKit_Item
[2016.12.13-10.43.13:143][ 43]BlueprintEditorCompileResults: Info [2040.35] Compile of RepairKit_Item successful! [in 111 ms] (/Game/RobotFps/Itemz/RepairKit_Item.RepairKit_Item)
[2016.12.13-10.44.05:818][222]BlueprintLog: New page: Compile StunnerAmmo_Box
[2016.12.13-10.44.05:913][222]BlueprintEditorCompileResults: Info [2093.12] Compile of StunnerAmmo_Box successful! [in 94 ms] (/Game/RobotFps/Itemz/StunnerAmmo_Box.StunnerAmmo_Box)
[2016.12.13-10.44.25:595][151]Cmd: DELETE
[2016.12.13-10.44.25:596][151]Cmd: ACTOR DELETE
[2016.12.13-10.44.25:664][151]LogEditorActor: Deleted Actor: StunnerAmmo_Box_C
[2016.12.13-10.44.25:682][151]LogEditorActor: Deleted 1 Actors (0.019 secs)
[2016.12.13-10.44.26:191][179]LogEditorViewport: Clicking on Actor (LMB): StunnerAmmo_Box_C (StunnerAmmo_Box)
[2016.12.13-10.44.36:324][686]LogEditorViewport: Clicking on Actor (LMB): StunnerAmmo_Box_C (StunnerAmmo_Box4)
[2016.12.13-10.44.42:013][973]LogEditorViewport: Clicking on Actor (LMB): StunnerAmmo_Box_C (StunnerAmmo_Box6)
[2016.12.13-10.44.46:439][195]LogBlueprintUserMessages: Early PlayInEditor Detection: Level '/Game/FirstPersonBP/Maps/map1.map1:PersistentLevel' has LevelScriptBlueprint '/Game/FirstPersonBP/Maps/map1.map1:PersistentLevel.map1' with GeneratedClass '/Game/FirstPersonBP/Maps/map1.map1_C' with ClassGeneratedBy '/Game/FirstPersonBP/Maps/map1.map1:PersistentLevel.map1'
[2016.12.13-10.44.46:439][195]LogPlayLevel: PlayLevel: No blueprints needed recompiling
[2016.12.13-10.44.46:439][195]PIE: New page: PIE session: map1 (Dec 12, 2016, 6:44:46 PM)
[2016.12.13-10.44.46:439][195]LogPlayLevel: Creating play world package: /Game/FirstPersonBP/Maps/UEDPIE_0_map1
[2016.12.13-10.44.46:476][195]LogPlayLevel: PIE: StaticDuplicateObject took: (0.037148s)
[2016.12.13-10.44.46:478][195]LogAIModule: Creating AISystem for world map1
[2016.12.13-10.44.46:478][195]LogPlayLevel: PIE: World Init took: (0.001343s)
[2016.12.13-10.44.46:478][195]LogPlayLevel: PIE: Created PIE world by copying editor world from /Game/FirstPersonBP/Maps/map1.map1 to /Game/FirstPersonBP/Maps/UEDPIE_0_map1.map1 (0.038766s)
[2016.12.13-10.44.46:499][195]LogInit: XAudio2 using 'Speakers (Realtek High Definition Audio)' : 2 channels at 48 kHz using 32 bits per sample (channel mask 0x3)
[2016.12.13-10.44.46:507][195]LogInit: FAudioDevice initialized.
[2016.12.13-10.44.46:546][195]LogWorld: Game class is 'FirstPersonGameMode_C'
[2016.12.13-10.44.46:555][195]LogWorld: Bringing World /Game/FirstPersonBP/Maps/UEDPIE_0_map1.map1 up for play (max tick rate 0) at 2016.12.13-02.44.46
[2016.12.13-10.44.46:567][195]LogWorld: Bringing up level for play took: 0.020311
[2016.12.13-10.44.46:569][195]PIE: Info Play in editor start time for /Game/FirstPersonBP/Maps/UEDPIE_0_map1 -0.54
[2016.12.13-10.44.46:569][195]LogBlueprintUserMessages: Late PlayInEditor Detection: Level '/Game/FirstPersonBP/Maps/map1.map1:PersistentLevel' has LevelScriptBlueprint '/Game/FirstPersonBP/Maps/map1.map1:PersistentLevel.map1' with GeneratedClass '/Game/FirstPersonBP/Maps/map1.map1_C' with ClassGeneratedBy '/Game/FirstPersonBP/Maps/map1.map1:PersistentLevel.map1'
[2016.12.13-10.44.49:343][345]LogScript:Warning: Accessed None trying to read property K2Node_DynamicCast_AsFirst_Person_Character
	RepairKit_Item_C /Game/FirstPersonBP/Maps/UEDPIE_0_map1.map1:PersistentLevel.RepairKit_Item_122
	Function /Game/RobotFps/Itemz/RepairKit_Item.RepairKit_Item_C:ExecuteUbergraph_RepairKit_Item:02A6
[2016.12.13-10.44.49:343][345]PIE:Error: Error Blueprint Runtime Error: Accessed None trying to read property K2Node_DynamicCast_AsFirst_Person_Character from function: 'ExecuteUbergraph_RepairKit_Item' from node: Branch in graph: EventGraph in object: RepairKit_Item with description: Accessed None trying to read property K2Node_DynamicCast_AsFirst_Person_Character
[2016.12.13-10.44.49:343][345]LogScript:Warning: Accessed None trying to read property K2Node_DynamicCast_AsFirst_Person_Character
	RepairKit_Item_C /Game/FirstPersonBP/Maps/UEDPIE_0_map1.map1:PersistentLevel.RepairKit_Item_122
	Function /Game/RobotFps/Itemz/RepairKit_Item.RepairKit_Item_C:ExecuteUbergraph_RepairKit_Item:02C5
[2016.12.13-10.44.49:343][345]PIE:Error: Error Blueprint Runtime Error: Accessed None trying to read property K2Node_DynamicCast_AsFirst_Person_Character from function: 'ExecuteUbergraph_RepairKit_Item' from node: Branch in graph: EventGraph in object: RepairKit_Item with description: Accessed None trying to read property K2Node_DynamicCast_AsFirst_Person_Character
[2016.12.13-10.45.17:836][963]LogScript:Warning: Accessed None trying to read property K2Node_DynamicCast_AsFirst_Person_Character
	RepairKit_Item_C /Game/FirstPersonBP/Maps/UEDPIE_0_map1.map1:PersistentLevel.RepairKit_Item_122
	Function /Game/RobotFps/Itemz/RepairKit_Item.RepairKit_Item_C:ExecuteUbergraph_RepairKit_Item:02A6
[2016.12.13-10.45.17:836][963]PIE:Error: Error Blueprint Runtime Error: Accessed None trying to read property K2Node_DynamicCast_AsFirst_Person_Character from function: 'ExecuteUbergraph_RepairKit_Item' from node: Branch in graph: EventGraph in object: RepairKit_Item with description: Accessed None trying to read property K2Node_DynamicCast_AsFirst_Person_Character
[2016.12.13-10.45.17:836][963]LogScript:Warning: Accessed None trying to read property K2Node_DynamicCast_AsFirst_Person_Character
	RepairKit_Item_C /Game/FirstPersonBP/Maps/UEDPIE_0_map1.map1:PersistentLevel.RepairKit_Item_122
	Function /Game/RobotFps/Itemz/RepairKit_Item.RepairKit_Item_C:ExecuteUbergraph_RepairKit_Item:02C5
[2016.12.13-10.45.17:836][963]PIE:Error: Error Blueprint Runtime Error: Accessed None trying to read property K2Node_DynamicCast_AsFirst_Person_Character from function: 'ExecuteUbergraph_RepairKit_Item' from node: Branch in graph: EventGraph in object: RepairKit_Item with description: Accessed None trying to read property K2Node_DynamicCast_AsFirst_Person_Character
[2016.12.13-10.45.18:065][976]LogScript:Warning: Accessed None trying to read property K2Node_DynamicCast_AsFirst_Person_Character
	RepairKit_Item_C /Game/FirstPersonBP/Maps/UEDPIE_0_map1.map1:PersistentLevel.RepairKit_Item2_114
	Function /Game/RobotFps/Itemz/RepairKit_Item.RepairKit_Item_C:ExecuteUbergraph_RepairKit_Item:02A6
[2016.12.13-10.45.18:065][976]PIE:Error: Error Blueprint Runtime Error: Accessed None trying to read property K2Node_DynamicCast_AsFirst_Person_Character from function: 'ExecuteUbergraph_RepairKit_Item' from node: Branch in graph: EventGraph in object: RepairKit_Item with description: Accessed None trying to read property K2Node_DynamicCast_AsFirst_Person_Character
[2016.12.13-10.45.18:065][976]LogScript:Warning: Accessed None trying to read property K2Node_DynamicCast_AsFirst_Person_Character
	RepairKit_Item_C /Game/FirstPersonBP/Maps/UEDPIE_0_map1.map1:PersistentLevel.RepairKit_Item2_114
	Function /Game/RobotFps/Itemz/RepairKit_Item.RepairKit_Item_C:ExecuteUbergraph_RepairKit_Item:02C5
[2016.12.13-10.45.18:065][976]PIE:Error: Error Blueprint Runtime Error: Accessed None trying to read property K2Node_DynamicCast_AsFirst_Person_Character from function: 'ExecuteUbergraph_RepairKit_Item' from node: Branch in graph: EventGraph in object: RepairKit_Item with description: Accessed None trying to read property K2Node_DynamicCast_AsFirst_Person_Character
[2016.12.13-10.45.18:240][986]LogScript:Warning: Accessed None trying to read property K2Node_DynamicCast_AsFirst_Person_Character
	RepairKit_Item_C /Game/FirstPersonBP/Maps/UEDPIE_0_map1.map1:PersistentLevel.RepairKit_Item3_146
	Function /Game/RobotFps/Itemz/RepairKit_Item.RepairKit_Item_C:ExecuteUbergraph_RepairKit_Item:02A6
[2016.12.13-10.45.18:240][986]PIE:Error: Error Blueprint Runtime Error: Accessed None trying to read property K2Node_DynamicCast_AsFirst_Person_Character from function: 'ExecuteUbergraph_RepairKit_Item' from node: Branch in graph: EventGraph in object: RepairKit_Item with description: Accessed None trying to read property K2Node_DynamicCast_AsFirst_Person_Character
[2016.12.13-10.45.18:240][986]LogScript:Warning: Accessed None trying to read property K2Node_DynamicCast_AsFirst_Person_Character
	RepairKit_Item_C /Game/FirstPersonBP/Maps/UEDPIE_0_map1.map1:PersistentLevel.RepairKit_Item3_146
	Function /Game/RobotFps/Itemz/RepairKit_Item.RepairKit_Item_C:ExecuteUbergraph_RepairKit_Item:02C5
[2016.12.13-10.45.18:240][986]PIE:Error: Error Blueprint Runtime Error: Accessed None trying to read property K2Node_DynamicCast_AsFirst_Person_Character from function: 'ExecuteUbergraph_RepairKit_Item' from node: Branch in graph: EventGraph in object: RepairKit_Item with description: Accessed None trying to read property K2Node_DynamicCast_AsFirst_Person_Character
[2016.12.13-10.45.18:470][999]LogScript:Warning: Accessed None trying to read property K2Node_DynamicCast_AsFirst_Person_Character
	RepairKit_Item_C /Game/FirstPersonBP/Maps/UEDPIE_0_map1.map1:PersistentLevel.RepairKit_Item4
	Function /Game/RobotFps/Itemz/RepairKit_Item.RepairKit_Item_C:ExecuteUbergraph_RepairKit_Item:02A6
[2016.12.13-10.45.18:470][999]PIE:Error: Error Blueprint Runtime Error: Accessed None trying to read property K2Node_DynamicCast_AsFirst_Person_Character from function: 'ExecuteUbergraph_RepairKit_Item' from node: Branch in graph: EventGraph in object: RepairKit_Item with description: Accessed None trying to read property K2Node_DynamicCast_AsFirst_Person_Character
[2016.12.13-10.45.18:470][999]LogScript:Warning: Accessed None trying to read property K2Node_DynamicCast_AsFirst_Person_Character
	RepairKit_Item_C /Game/FirstPersonBP/Maps/UEDPIE_0_map1.map1:PersistentLevel.RepairKit_Item4
	Function /Game/RobotFps/Itemz/RepairKit_Item.RepairKit_Item_C:ExecuteUbergraph_RepairKit_Item:02C5
[2016.12.13-10.45.18:470][999]PIE:Error: Error Blueprint Runtime Error: Accessed None trying to read property K2Node_DynamicCast_AsFirst_Person_Character from function: 'ExecuteUbergraph_RepairKit_Item' from node: Branch in graph: EventGraph in object: RepairKit_Item with description: Accessed None trying to read property K2Node_DynamicCast_AsFirst_Person_Character
[2016.12.13-10.45.18:698][ 12]LogScript:Warning: Accessed None trying to read property K2Node_DynamicCast_AsFirst_Person_Character
	RepairKit_Item_C /Game/FirstPersonBP/Maps/UEDPIE_0_map1.map1:PersistentLevel.RepairKit_Item5
	Function /Game/RobotFps/Itemz/RepairKit_Item.RepairKit_Item_C:ExecuteUbergraph_RepairKit_Item:02A6
[2016.12.13-10.45.18:698][ 12]PIE:Error: Error Blueprint Runtime Error: Accessed None trying to read property K2Node_DynamicCast_AsFirst_Person_Character from function: 'ExecuteUbergraph_RepairKit_Item' from node: Branch in graph: EventGraph in object: RepairKit_Item with description: Accessed None trying to read property K2Node_DynamicCast_AsFirst_Person_Character
[2016.12.13-10.45.18:698][ 12]LogScript:Warning: Accessed None trying to read property K2Node_DynamicCast_AsFirst_Person_Character
	RepairKit_Item_C /Game/FirstPersonBP/Maps/UEDPIE_0_map1.map1:PersistentLevel.RepairKit_Item5
	Function /Game/RobotFps/Itemz/RepairKit_Item.RepairKit_Item_C:ExecuteUbergraph_RepairKit_Item:02C5
[2016.12.13-10.45.18:698][ 12]PIE:Error: Error Blueprint Runtime Error: Accessed None trying to read property K2Node_DynamicCast_AsFirst_Person_Character from function: 'ExecuteUbergraph_RepairKit_Item' from node: Branch in graph: EventGraph in object: RepairKit_Item with description: Accessed None trying to read property K2Node_DynamicCast_AsFirst_Person_Character
[2016.12.13-10.45.18:821][ 19]LogScript:Warning: Accessed None trying to read property K2Node_DynamicCast_AsFirst_Person_Character
	RepairKit_Item_C /Game/FirstPersonBP/Maps/UEDPIE_0_map1.map1:PersistentLevel.RepairKit_Item6
	Function /Game/RobotFps/Itemz/RepairKit_Item.RepairKit_Item_C:ExecuteUbergraph_RepairKit_Item:02A6
[2016.12.13-10.45.18:821][ 19]PIE:Error: Error Blueprint Runtime Error: Accessed None trying to read property K2Node_DynamicCast_AsFirst_Person_Character from function: 'ExecuteUbergraph_RepairKit_Item' from node: Branch in graph: EventGraph in object: RepairKit_Item with description: Accessed None trying to read property K2Node_DynamicCast_AsFirst_Person_Character
[2016.12.13-10.45.18:821][ 19]LogScript:Warning: Accessed None trying to read property K2Node_DynamicCast_AsFirst_Person_Character
	RepairKit_Item_C /Game/FirstPersonBP/Maps/UEDPIE_0_map1.map1:PersistentLevel.RepairKit_Item6
	Function /Game/RobotFps/Itemz/RepairKit_Item.RepairKit_Item_C:ExecuteUbergraph_RepairKit_Item:02C5
[2016.12.13-10.45.18:821][ 19]PIE:Error: Error Blueprint Runtime Error: Accessed None trying to read property K2Node_DynamicCast_AsFirst_Person_Character from function: 'ExecuteUbergraph_RepairKit_Item' from node: Branch in graph: EventGraph in object: RepairKit_Item with description: Accessed None trying to read property K2Node_DynamicCast_AsFirst_Person_Character
[2016.12.13-10.45.32:153][782]LogBlueprintUserMessages: Early EndPlayMap Detection: Level '/Game/FirstPersonBP/Maps/map1.map1:PersistentLevel' has LevelScriptBlueprint '/Game/FirstPersonBP/Maps/map1.map1:PersistentLevel.map1' with GeneratedClass '/Game/FirstPersonBP/Maps/map1.map1_C' with ClassGeneratedBy '/Game/FirstPersonBP/Maps/map1.map1:PersistentLevel.map1'
[2016.12.13-10.45.32:200][782]LogBlueprintUserMessages: Late EndPlayMap Detection: Level '/Game/FirstPersonBP/Maps/map1.map1:PersistentLevel' has LevelScriptBlueprint '/Game/FirstPersonBP/Maps/map1.map1:PersistentLevel.map1' with GeneratedClass '/Game/FirstPersonBP/Maps/map1.map1_C' with ClassGeneratedBy '/Game/FirstPersonBP/Maps/map1.map1:PersistentLevel.map1'
[2016.12.13-10.47.09:580][727]BlueprintLog: New page: Compile RepairKit_Item
[2016.12.13-10.47.09:691][727]BlueprintEditorCompileResults: Info [2276.89] Compile of RepairKit_Item successful! [in 111 ms] (/Game/RobotFps/Itemz/RepairKit_Item.RepairKit_Item)
[2016.12.13-10.47.13:589][902]LogBlueprintUserMessages: Early PlayInEditor Detection: Level '/Game/FirstPersonBP/Maps/map1.map1:PersistentLevel' has LevelScriptBlueprint '/Game/FirstPersonBP/Maps/map1.map1:PersistentLevel.map1' with GeneratedClass '/Game/FirstPersonBP/Maps/map1.map1_C' with ClassGeneratedBy '/Game/FirstPersonBP/Maps/map1.map1:PersistentLevel.map1'
[2016.12.13-10.47.13:589][902]LogPlayLevel: PlayLevel: No blueprints needed recompiling
[2016.12.13-10.47.13:589][902]PIE: New page: PIE session: map1 (Dec 12, 2016, 6:47:13 PM)
[2016.12.13-10.47.13:590][902]LogPlayLevel: Creating play world package: /Game/FirstPersonBP/Maps/UEDPIE_0_map1
[2016.12.13-10.47.13:627][902]LogPlayLevel: PIE: StaticDuplicateObject took: (0.037803s)
[2016.12.13-10.47.13:629][902]LogAIModule: Creating AISystem for world map1
[2016.12.13-10.47.13:629][902]LogPlayLevel: PIE: World Init took: (0.001409s)
[2016.12.13-10.47.13:629][902]LogPlayLevel: PIE: Created PIE world by copying editor world from /Game/FirstPersonBP/Maps/map1.map1 to /Game/FirstPersonBP/Maps/UEDPIE_0_map1.map1 (0.039644s)
[2016.12.13-10.47.13:649][902]LogInit: XAudio2 using 'Speakers (Realtek High Definition Audio)' : 2 channels at 48 kHz using 32 bits per sample (channel mask 0x3)
[2016.12.13-10.47.13:657][902]LogInit: FAudioDevice initialized.
[2016.12.13-10.47.13:700][902]LogWorld: Game class is 'FirstPersonGameMode_C'
[2016.12.13-10.47.13:708][902]LogWorld: Bringing World /Game/FirstPersonBP/Maps/UEDPIE_0_map1.map1 up for play (max tick rate 0) at 2016.12.13-02.47.13
[2016.12.13-10.47.13:710][902]LogWorld: Bringing up level for play took: 0.009547
[2016.12.13-10.47.13:712][902]PIE: Info Play in editor start time for /Game/FirstPersonBP/Maps/UEDPIE_0_map1 0.599
[2016.12.13-10.47.13:712][902]LogBlueprintUserMessages: Late PlayInEditor Detection: Level '/Game/FirstPersonBP/Maps/map1.map1:PersistentLevel' has LevelScriptBlueprint '/Game/FirstPersonBP/Maps/map1.map1:PersistentLevel.map1' with GeneratedClass '/Game/FirstPersonBP/Maps/map1.map1_C' with ClassGeneratedBy '/Game/FirstPersonBP/Maps/map1.map1:PersistentLevel.map1'
[2016.12.13-10.47.49:292][923]LogBlueprintUserMessages: Early EndPlayMap Detection: Level '/Game/FirstPersonBP/Maps/map1.map1:PersistentLevel' has LevelScriptBlueprint '/Game/FirstPersonBP/Maps/map1.map1:PersistentLevel.map1' with GeneratedClass '/Game/FirstPersonBP/Maps/map1.map1_C' with ClassGeneratedBy '/Game/FirstPersonBP/Maps/map1.map1:PersistentLevel.map1'
[2016.12.13-10.47.49:349][923]LogBlueprintUserMessages: Late EndPlayMap Detection: Level '/Game/FirstPersonBP/Maps/map1.map1:PersistentLevel' has LevelScriptBlueprint '/Game/FirstPersonBP/Maps/map1.map1:PersistentLevel.map1' with GeneratedClass '/Game/FirstPersonBP/Maps/map1.map1_C' with ClassGeneratedBy '/Game/FirstPersonBP/Maps/map1.map1:PersistentLevel.map1'
[2016.12.13-10.47.50:450][979]LogBlueprintUserMessages: Early PlayInEditor Detection: Level '/Game/FirstPersonBP/Maps/map1.map1:PersistentLevel' has LevelScriptBlueprint '/Game/FirstPersonBP/Maps/map1.map1:PersistentLevel.map1' with GeneratedClass '/Game/FirstPersonBP/Maps/map1.map1_C' with ClassGeneratedBy '/Game/FirstPersonBP/Maps/map1.map1:PersistentLevel.map1'
[2016.12.13-10.47.50:450][979]LogPlayLevel: PlayLevel: No blueprints needed recompiling
[2016.12.13-10.47.50:450][979]PIE: New page: PIE session: map1 (Dec 12, 2016, 6:47:50 PM)
[2016.12.13-10.47.50:450][979]LogPlayLevel: Creating play world package: /Game/FirstPersonBP/Maps/UEDPIE_0_map1
[2016.12.13-10.47.50:484][979]LogPlayLevel: PIE: StaticDuplicateObject took: (0.034137s)
[2016.12.13-10.47.50:485][979]LogAIModule: Creating AISystem for world map1
[2016.12.13-10.47.50:485][979]LogPlayLevel: PIE: World Init took: (0.000960s)
[2016.12.13-10.47.50:486][979]LogPlayLevel: PIE: Created PIE world by copying editor world from /Game/FirstPersonBP/Maps/map1.map1 to /Game/FirstPersonBP/Maps/UEDPIE_0_map1.map1 (0.035443s)
[2016.12.13-10.47.50:505][979]LogInit: XAudio2 using 'Speakers (Realtek High Definition Audio)' : 2 channels at 48 kHz using 32 bits per sample (channel mask 0x3)
[2016.12.13-10.47.50:513][979]LogInit: FAudioDevice initialized.
[2016.12.13-10.47.50:554][979]LogWorld: Game class is 'FirstPersonGameMode_C'
[2016.12.13-10.47.50:562][979]LogWorld: Bringing World /Game/FirstPersonBP/Maps/UEDPIE_0_map1.map1 up for play (max tick rate 0) at 2016.12.13-02.47.50
[2016.12.13-10.47.50:564][979]LogWorld: Bringing up level for play took: 0.009222
[2016.12.13-10.47.50:565][979]PIE: Info Play in editor start time for /Game/FirstPersonBP/Maps/UEDPIE_0_map1 -0.548
[2016.12.13-10.47.50:566][979]LogBlueprintUserMessages: Late PlayInEditor Detection: Level '/Game/FirstPersonBP/Maps/map1.map1:PersistentLevel' has LevelScriptBlueprint '/Game/FirstPersonBP/Maps/map1.map1:PersistentLevel.map1' with GeneratedClass '/Game/FirstPersonBP/Maps/map1.map1_C' with ClassGeneratedBy '/Game/FirstPersonBP/Maps/map1.map1:PersistentLevel.map1'
[2016.12.13-10.48.04:132][740]LogBlueprintUserMessages: Early EndPlayMap Detection: Level '/Game/FirstPersonBP/Maps/map1.map1:PersistentLevel' has LevelScriptBlueprint '/Game/FirstPersonBP/Maps/map1.map1:PersistentLevel.map1' with GeneratedClass '/Game/FirstPersonBP/Maps/map1.map1_C' with ClassGeneratedBy '/Game/FirstPersonBP/Maps/map1.map1:PersistentLevel.map1'
[2016.12.13-10.48.04:183][740]LogBlueprintUserMessages: Late EndPlayMap Detection: Level '/Game/FirstPersonBP/Maps/map1.map1:PersistentLevel' has LevelScriptBlueprint '/Game/FirstPersonBP/Maps/map1.map1:PersistentLevel.map1' with GeneratedClass '/Game/FirstPersonBP/Maps/map1.map1_C' with ClassGeneratedBy '/Game/FirstPersonBP/Maps/map1.map1:PersistentLevel.map1'
[2016.12.13-10.48.07:723][899]Cmd: OBJ SAVEPACKAGE PACKAGE="/Game/FirstPersonBP/Maps/map1" FILE="../../../../../../Users/Demonic/Desktop/DemonFps/Content/FirstPersonBP/Maps/map1.umap" SILENT=true AUTOSAVING=false KEEPDIRTY=false
[2016.12.13-10.48.08:689][899]LogSavePackage: Save=432.28ms
[2016.12.13-10.48.08:689][899]LogSavePackage: Moving '../../../../../../Users/Demonic/Desktop/DemonFps/Saved/map13C7986AE4B8C5979BDDBA184DA2C9C93.tmp' to '../../../../../../Users/Demonic/Desktop/DemonFps/Content/FirstPersonBP/Maps/map1.umap'
[2016.12.13-10.48.08:767][899]LogSavePackage:Display: Finished SavePackage ../../../../../../Users/Demonic/Desktop/DemonFps/Content/FirstPersonBP/Maps/map1.umap
[2016.12.13-10.48.08:852][899]LogFileHelpers: Saving map 'map1' took 1.176
[2016.12.13-10.48.08:904][899]Cmd: OBJ SAVEPACKAGE PACKAGE="/Game/RobotFps/Itemz/RepairKit_Item" FILE="../../../../../../Users/Demonic/Desktop/DemonFps/Content/RobotFps/Itemz/RepairKit_Item.uasset" SILENT=true
[2016.12.13-10.48.09:029][899]LogSavePackage: Save=120.55ms
[2016.12.13-10.48.09:029][899]LogSavePackage: Moving '../../../../../../Users/Demonic/Desktop/DemonFps/Saved/RepairKit_ItemD538A27C49FD4A26141D4982C8FDAE40.tmp' to '../../../../../../Users/Demonic/Desktop/DemonFps/Content/RobotFps/Itemz/RepairKit_Item.uasset'
[2016.12.13-10.48.09:047][899]LogSavePackage:Display: Finished SavePackage ../../../../../../Users/Demonic/Desktop/DemonFps/Content/RobotFps/Itemz/RepairKit_Item.uasset
[2016.12.13-10.48.09:056][899]Cmd: OBJ SAVEPACKAGE PACKAGE="/Game/RobotFps/Itemz/pickup" FILE="../../../../../../Users/Demonic/Desktop/DemonFps/Content/RobotFps/Itemz/pickup.uasset" SILENT=true
[2016.12.13-10.48.09:061][899]LogSavePackage: Save=3.38ms
[2016.12.13-10.48.09:061][899]LogSavePackage: Moving '../../../../../../Users/Demonic/Desktop/DemonFps/Saved/pickup2A15EA7C48029F39BD94E6B558B2BC04.tmp' to '../../../../../../Users/Demonic/Desktop/DemonFps/Content/RobotFps/Itemz/pickup.uasset'
[2016.12.13-10.48.09:062][899]LogSavePackage:Display: Finished SavePackage ../../../../../../Users/Demonic/Desktop/DemonFps/Content/RobotFps/Itemz/pickup.uasset
[2016.12.13-10.48.09:091][899]Cmd: OBJ SAVEPACKAGE PACKAGE="/Game/RobotFps/Itemz/StunnerAmmo_Box" FILE="../../../../../../Users/Demonic/Desktop/DemonFps/Content/RobotFps/Itemz/StunnerAmmo_Box.uasset" SILENT=true
[2016.12.13-10.48.09:122][899]LogSavePackage: Save=26.34ms
[2016.12.13-10.48.09:122][899]LogSavePackage: Moving '../../../../../../Users/Demonic/Desktop/DemonFps/Saved/StunnerAmmo_BoxBF2BB4E54BCD9B0B3182459EAE351150.tmp' to '../../../../../../Users/Demonic/Desktop/DemonFps/Content/RobotFps/Itemz/StunnerAmmo_Box.uasset'
[2016.12.13-10.48.09:188][899]LogSavePackage:Display: Finished SavePackage ../../../../../../Users/Demonic/Desktop/DemonFps/Content/RobotFps/Itemz/StunnerAmmo_Box.uasset
[2016.12.13-10.48.18:504][393]LogBlueprintUserMessages: Early PlayInEditor Detection: Level '/Game/FirstPersonBP/Maps/map1.map1:PersistentLevel' has LevelScriptBlueprint '/Game/FirstPersonBP/Maps/map1.map1:PersistentLevel.map1' with GeneratedClass '/Game/FirstPersonBP/Maps/map1.map1_C' with ClassGeneratedBy '/Game/FirstPersonBP/Maps/map1.map1:PersistentLevel.map1'
[2016.12.13-10.48.18:504][393]LogPlayLevel: PlayLevel: No blueprints needed recompiling
[2016.12.13-10.48.18:504][393]PIE: New page: PIE session: map1 (Dec 12, 2016, 6:48:18 PM)
[2016.12.13-10.48.18:504][393]LogPlayLevel: Creating play world package: /Game/FirstPersonBP/Maps/UEDPIE_0_map1
[2016.12.13-10.48.18:539][393]LogPlayLevel: PIE: StaticDuplicateObject took: (0.035034s)
[2016.12.13-10.48.18:540][393]LogAIModule: Creating AISystem for world map1
[2016.12.13-10.48.18:540][393]LogPlayLevel: PIE: World Init took: (0.000935s)
[2016.12.13-10.48.18:541][393]LogPlayLevel: PIE: Created PIE world by copying editor world from /Game/FirstPersonBP/Maps/map1.map1 to /Game/FirstPersonBP/Maps/UEDPIE_0_map1.map1 (0.036298s)
[2016.12.13-10.48.18:560][393]LogInit: XAudio2 using 'Speakers (Realtek High Definition Audio)' : 2 channels at 48 kHz using 32 bits per sample (channel mask 0x3)
[2016.12.13-10.48.18:567][393]LogInit: FAudioDevice initialized.
[2016.12.13-10.48.18:606][393]LogWorld: Game class is 'FirstPersonGameMode_C'
[2016.12.13-10.48.18:614][393]LogWorld: Bringing World /Game/FirstPersonBP/Maps/UEDPIE_0_map1.map1 up for play (max tick rate 0) at 2016.12.13-02.48.18
[2016.12.13-10.48.18:616][393]LogWorld: Bringing up level for play took: 0.009169
[2016.12.13-10.48.18:617][393]PIE: Info Play in editor start time for /Game/FirstPersonBP/Maps/UEDPIE_0_map1 -0.497
[2016.12.13-10.48.18:618][393]LogBlueprintUserMessages: Late PlayInEditor Detection: Level '/Game/FirstPersonBP/Maps/map1.map1:PersistentLevel' has LevelScriptBlueprint '/Game/FirstPersonBP/Maps/map1.map1:PersistentLevel.map1' with GeneratedClass '/Game/FirstPersonBP/Maps/map1.map1_C' with ClassGeneratedBy '/Game/FirstPersonBP/Maps/map1.map1:PersistentLevel.map1'
[2016.12.13-10.48.43:017][771]LogBlueprintUserMessages: Early EndPlayMap Detection: Level '/Game/FirstPersonBP/Maps/map1.map1:PersistentLevel' has LevelScriptBlueprint '/Game/FirstPersonBP/Maps/map1.map1:PersistentLevel.map1' with GeneratedClass '/Game/FirstPersonBP/Maps/map1.map1_C' with ClassGeneratedBy '/Game/FirstPersonBP/Maps/map1.map1:PersistentLevel.map1'
[2016.12.13-10.48.43:070][771]LogBlueprintUserMessages: Late EndPlayMap Detection: Level '/Game/FirstPersonBP/Maps/map1.map1:PersistentLevel' has LevelScriptBlueprint '/Game/FirstPersonBP/Maps/map1.map1:PersistentLevel.map1' with GeneratedClass '/Game/FirstPersonBP/Maps/map1.map1_C' with ClassGeneratedBy '/Game/FirstPersonBP/Maps/map1.map1:PersistentLevel.map1'
[2016.12.13-11.03.26:172][663]LogEditorFactories: Performing atomic reimport of [C:/Users/Demonic/Desktop/pickup.wav]
[2016.12.13-11.03.26:172][663]LogFactory: FactoryCreateFile: SoundWave with ReimportSoundFactory (0 0 C:/Users/Demonic/Desktop/pickup.wav)
[2016.12.13-11.03.26:194][663]LogEditorFactories: -- imported successfully
[2016.12.13-11.03.26:222][663]LogAudioDerivedData:Display: Building compressed audio format OGG wave pickup...
[2016.12.13-11.03.26:281][663]LogAudioDerivedData:Warning: Updated SoundWave->RawPCMDataSize during cooking SoundWave /Game/RobotFps/Itemz/pickup.pickup.
[2016.12.13-11.03.30:949][866]LogBlueprintUserMessages: Early PlayInEditor Detection: Level '/Game/FirstPersonBP/Maps/map1.map1:PersistentLevel' has LevelScriptBlueprint '/Game/FirstPersonBP/Maps/map1.map1:PersistentLevel.map1' with GeneratedClass '/Game/FirstPersonBP/Maps/map1.map1_C' with ClassGeneratedBy '/Game/FirstPersonBP/Maps/map1.map1:PersistentLevel.map1'
[2016.12.13-11.03.30:949][866]LogPlayLevel: PlayLevel: No blueprints needed recompiling
[2016.12.13-11.03.30:949][866]PIE: New page: PIE session: map1 (Dec 12, 2016, 7:03:30 PM)
[2016.12.13-11.03.30:949][866]LogPlayLevel: Creating play world package: /Game/FirstPersonBP/Maps/UEDPIE_0_map1
[2016.12.13-11.03.30:984][866]LogPlayLevel: PIE: StaticDuplicateObject took: (0.034714s)
[2016.12.13-11.03.30:985][866]LogAIModule: Creating AISystem for world map1
[2016.12.13-11.03.30:985][866]LogPlayLevel: PIE: World Init took: (0.001034s)
[2016.12.13-11.03.30:985][866]LogPlayLevel: PIE: Created PIE world by copying editor world from /Game/FirstPersonBP/Maps/map1.map1 to /Game/FirstPersonBP/Maps/UEDPIE_0_map1.map1 (0.036100s)
[2016.12.13-11.03.31:005][866]LogInit: XAudio2 using 'Speakers (Realtek High Definition Audio)' : 2 channels at 48 kHz using 32 bits per sample (channel mask 0x3)
[2016.12.13-11.03.31:013][866]LogInit: FAudioDevice initialized.
[2016.12.13-11.03.31:053][866]LogWorld: Game class is 'FirstPersonGameMode_C'
[2016.12.13-11.03.31:061][866]LogWorld: Bringing World /Game/FirstPersonBP/Maps/UEDPIE_0_map1.map1 up for play (max tick rate 0) at 2016.12.13-03.03.31
[2016.12.13-11.03.31:063][866]LogWorld: Bringing up level for play took: 0.009465
[2016.12.13-11.03.31:065][866]PIE: Info Play in editor start time for /Game/FirstPersonBP/Maps/UEDPIE_0_map1 -0.072
[2016.12.13-11.03.31:065][866]LogBlueprintUserMessages: Late PlayInEditor Detection: Level '/Game/FirstPersonBP/Maps/map1.map1:PersistentLevel' has LevelScriptBlueprint '/Game/FirstPersonBP/Maps/map1.map1:PersistentLevel.map1' with GeneratedClass '/Game/FirstPersonBP/Maps/map1.map1_C' with ClassGeneratedBy '/Game/FirstPersonBP/Maps/map1.map1:PersistentLevel.map1'
[2016.12.13-11.03.45:876][702]LogBlueprintUserMessages: Early EndPlayMap Detection: Level '/Game/FirstPersonBP/Maps/map1.map1:PersistentLevel' has LevelScriptBlueprint '/Game/FirstPersonBP/Maps/map1.map1:PersistentLevel.map1' with GeneratedClass '/Game/FirstPersonBP/Maps/map1.map1_C' with ClassGeneratedBy '/Game/FirstPersonBP/Maps/map1.map1:PersistentLevel.map1'
[2016.12.13-11.03.45:924][702]LogBlueprintUserMessages: Late EndPlayMap Detection: Level '/Game/FirstPersonBP/Maps/map1.map1:PersistentLevel' has LevelScriptBlueprint '/Game/FirstPersonBP/Maps/map1.map1:PersistentLevel.map1' with GeneratedClass '/Game/FirstPersonBP/Maps/map1.map1_C' with ClassGeneratedBy '/Game/FirstPersonBP/Maps/map1.map1:PersistentLevel.map1'
[2016.12.13-11.04.13:683][ 14]LogEditorFactories: Performing atomic reimport of [C:/Users/Demonic/Desktop/pickup.wav]
[2016.12.13-11.04.13:683][ 14]LogFactory: FactoryCreateFile: SoundWave with ReimportSoundFactory (0 0 C:/Users/Demonic/Desktop/pickup.wav)
[2016.12.13-11.04.13:684][ 14]LogEditorFactories: -- imported successfully
[2016.12.13-11.04.13:695][ 14]LogAudioDerivedData:Display: Building compressed audio format OGG wave pickup...
[2016.12.13-11.04.17:081][145]Cmd: OBJ SAVEPACKAGE PACKAGE="/Game/RobotFps/Itemz/pickup" FILE="../../../../../../Users/Demonic/Desktop/DemonFps/Content/RobotFps/Itemz/pickup.uasset" SILENT=true
[2016.12.13-11.04.17:097][145]LogSavePackage: Save=3.57ms
[2016.12.13-11.04.17:097][145]LogSavePackage: Moving '../../../../../../Users/Demonic/Desktop/DemonFps/Saved/pickup0D78C0AC4EDD0FA52134639F8949E97C.tmp' to '../../../../../../Users/Demonic/Desktop/DemonFps/Content/RobotFps/Itemz/pickup.uasset'
[2016.12.13-11.04.17:099][145]LogSavePackage:Display: Finished SavePackage ../../../../../../Users/Demonic/Desktop/DemonFps/Content/RobotFps/Itemz/pickup.uasset
[2016.12.13-11.04.18:305][207]LogBlueprintUserMessages: Early PlayInEditor Detection: Level '/Game/FirstPersonBP/Maps/map1.map1:PersistentLevel' has LevelScriptBlueprint '/Game/FirstPersonBP/Maps/map1.map1:PersistentLevel.map1' with GeneratedClass '/Game/FirstPersonBP/Maps/map1.map1_C' with ClassGeneratedBy '/Game/FirstPersonBP/Maps/map1.map1:PersistentLevel.map1'
[2016.12.13-11.04.18:305][207]LogPlayLevel: PlayLevel: No blueprints needed recompiling
[2016.12.13-11.04.18:305][207]PIE: New page: PIE session: map1 (Dec 12, 2016, 7:04:18 PM)
[2016.12.13-11.04.18:305][207]LogPlayLevel: Creating play world package: /Game/FirstPersonBP/Maps/UEDPIE_0_map1
[2016.12.13-11.04.18:338][207]LogPlayLevel: PIE: StaticDuplicateObject took: (0.033075s)
[2016.12.13-11.04.18:339][207]LogAIModule: Creating AISystem for world map1
[2016.12.13-11.04.18:339][207]LogPlayLevel: PIE: World Init took: (0.000794s)
[2016.12.13-11.04.18:340][207]LogPlayLevel: PIE: Created PIE world by copying editor world from /Game/FirstPersonBP/Maps/map1.map1 to /Game/FirstPersonBP/Maps/UEDPIE_0_map1.map1 (0.034157s)
[2016.12.13-11.04.18:358][207]LogInit: XAudio2 using 'Speakers (Realtek High Definition Audio)' : 2 channels at 48 kHz using 32 bits per sample (channel mask 0x3)
[2016.12.13-11.04.18:365][207]LogInit: FAudioDevice initialized.
[2016.12.13-11.04.18:405][207]LogWorld: Game class is 'FirstPersonGameMode_C'
[2016.12.13-11.04.18:414][207]LogWorld: Bringing World /Game/FirstPersonBP/Maps/UEDPIE_0_map1.map1 up for play (max tick rate 0) at 2016.12.13-03.04.18
[2016.12.13-11.04.18:416][207]LogWorld: Bringing up level for play took: 0.009336
[2016.12.13-11.04.18:417][207]PIE: Info Play in editor start time for /Game/FirstPersonBP/Maps/UEDPIE_0_map1 -0.722
[2016.12.13-11.04.18:417][207]LogBlueprintUserMessages: Late PlayInEditor Detection: Level '/Game/FirstPersonBP/Maps/map1.map1:PersistentLevel' has LevelScriptBlueprint '/Game/FirstPersonBP/Maps/map1.map1:PersistentLevel.map1' with GeneratedClass '/Game/FirstPersonBP/Maps/map1.map1_C' with ClassGeneratedBy '/Game/FirstPersonBP/Maps/map1.map1:PersistentLevel.map1'
[2016.12.13-11.05.00:480][600]LogBlueprintUserMessages: Early EndPlayMap Detection: Level '/Game/FirstPersonBP/Maps/map1.map1:PersistentLevel' has LevelScriptBlueprint '/Game/FirstPersonBP/Maps/map1.map1:PersistentLevel.map1' with GeneratedClass '/Game/FirstPersonBP/Maps/map1.map1_C' with ClassGeneratedBy '/Game/FirstPersonBP/Maps/map1.map1:PersistentLevel.map1'
[2016.12.13-11.05.00:532][600]LogBlueprintUserMessages: Late EndPlayMap Detection: Level '/Game/FirstPersonBP/Maps/map1.map1:PersistentLevel' has LevelScriptBlueprint '/Game/FirstPersonBP/Maps/map1.map1:PersistentLevel.map1' with GeneratedClass '/Game/FirstPersonBP/Maps/map1.map1_C' with ClassGeneratedBy '/Game/FirstPersonBP/Maps/map1.map1:PersistentLevel.map1'
[2016.12.13-11.05.01:568][652]LogBlueprintUserMessages: Early PlayInEditor Detection: Level '/Game/FirstPersonBP/Maps/map1.map1:PersistentLevel' has LevelScriptBlueprint '/Game/FirstPersonBP/Maps/map1.map1:PersistentLevel.map1' with GeneratedClass '/Game/FirstPersonBP/Maps/map1.map1_C' with ClassGeneratedBy '/Game/FirstPersonBP/Maps/map1.map1:PersistentLevel.map1'
[2016.12.13-11.05.01:568][652]LogPlayLevel: PlayLevel: No blueprints needed recompiling
[2016.12.13-11.05.01:568][652]PIE: New page: PIE session: map1 (Dec 12, 2016, 7:05:01 PM)
[2016.12.13-11.05.01:569][652]LogPlayLevel: Creating play world package: /Game/FirstPersonBP/Maps/UEDPIE_0_map1
[2016.12.13-11.05.01:600][652]LogPlayLevel: PIE: StaticDuplicateObject took: (0.031811s)
[2016.12.13-11.05.01:602][652]LogAIModule: Creating AISystem for world map1
[2016.12.13-11.05.01:602][652]LogPlayLevel: PIE: World Init took: (0.001020s)
[2016.12.13-11.05.01:602][652]LogPlayLevel: PIE: Created PIE world by copying editor world from /Game/FirstPersonBP/Maps/map1.map1 to /Game/FirstPersonBP/Maps/UEDPIE_0_map1.map1 (0.033296s)
[2016.12.13-11.05.01:621][652]LogInit: XAudio2 using 'Speakers (Realtek High Definition Audio)' : 2 channels at 48 kHz using 32 bits per sample (channel mask 0x3)
[2016.12.13-11.05.01:629][652]LogInit: FAudioDevice initialized.
[2016.12.13-11.05.01:669][652]LogWorld: Game class is 'FirstPersonGameMode_C'
[2016.12.13-11.05.01:677][652]LogWorld: Bringing World /Game/FirstPersonBP/Maps/UEDPIE_0_map1.map1 up for play (max tick rate 0) at 2016.12.13-03.05.01
[2016.12.13-11.05.01:679][652]LogWorld: Bringing up level for play took: 0.009328
[2016.12.13-11.05.01:681][652]PIE: Info Play in editor start time for /Game/FirstPersonBP/Maps/UEDPIE_0_map1 0.541
[2016.12.13-11.05.01:681][652]LogBlueprintUserMessages: Late PlayInEditor Detection: Level '/Game/FirstPersonBP/Maps/map1.map1:PersistentLevel' has LevelScriptBlueprint '/Game/FirstPersonBP/Maps/map1.map1:PersistentLevel.map1' with GeneratedClass '/Game/FirstPersonBP/Maps/map1.map1_C' with ClassGeneratedBy '/Game/FirstPersonBP/Maps/map1.map1:PersistentLevel.map1'
[2016.12.13-11.05.11:992][231]LogBlueprintUserMessages: Early EndPlayMap Detection: Level '/Game/FirstPersonBP/Maps/map1.map1:PersistentLevel' has LevelScriptBlueprint '/Game/FirstPersonBP/Maps/map1.map1:PersistentLevel.map1' with GeneratedClass '/Game/FirstPersonBP/Maps/map1.map1_C' with ClassGeneratedBy '/Game/FirstPersonBP/Maps/map1.map1:PersistentLevel.map1'
[2016.12.13-11.05.12:045][231]LogBlueprintUserMessages: Late EndPlayMap Detection: Level '/Game/FirstPersonBP/Maps/map1.map1:PersistentLevel' has LevelScriptBlueprint '/Game/FirstPersonBP/Maps/map1.map1:PersistentLevel.map1' with GeneratedClass '/Game/FirstPersonBP/Maps/map1.map1_C' with ClassGeneratedBy '/Game/FirstPersonBP/Maps/map1.map1:PersistentLevel.map1'
[2016.12.13-11.28.53:372][554]LogBlueprintUserMessages: Early PlayInEditor Detection: Level '/Game/FirstPersonBP/Maps/map1.map1:PersistentLevel' has LevelScriptBlueprint '/Game/FirstPersonBP/Maps/map1.map1:PersistentLevel.map1' with GeneratedClass '/Game/FirstPersonBP/Maps/map1.map1_C' with ClassGeneratedBy '/Game/FirstPersonBP/Maps/map1.map1:PersistentLevel.map1'
[2016.12.13-11.28.53:372][554]LogPlayLevel: PlayLevel: No blueprints needed recompiling
[2016.12.13-11.28.53:372][554]PIE: New page: PIE session: map1 (Dec 12, 2016, 7:28:53 PM)
[2016.12.13-11.28.53:373][554]LogPlayLevel: Creating play world package: /Game/FirstPersonBP/Maps/UEDPIE_0_map1
[2016.12.13-11.28.53:413][554]LogPlayLevel: PIE: StaticDuplicateObject took: (0.040814s)
[2016.12.13-11.28.53:415][554]LogAIModule: Creating AISystem for world map1
[2016.12.13-11.28.53:415][554]LogPlayLevel: PIE: World Init took: (0.001279s)
[2016.12.13-11.28.53:415][554]LogPlayLevel: PIE: Created PIE world by copying editor world from /Game/FirstPersonBP/Maps/map1.map1 to /Game/FirstPersonBP/Maps/UEDPIE_0_map1.map1 (0.042551s)
[2016.12.13-11.28.53:439][554]LogInit: XAudio2 using 'Speakers (Realtek High Definition Audio)' : 2 channels at 48 kHz using 32 bits per sample (channel mask 0x3)
[2016.12.13-11.28.53:450][554]LogInit: FAudioDevice initialized.
[2016.12.13-11.28.53:493][554]LogWorld: Game class is 'FirstPersonGameMode_C'
[2016.12.13-11.28.53:502][554]LogWorld: Bringing World /Game/FirstPersonBP/Maps/UEDPIE_0_map1.map1 up for play (max tick rate 0) at 2016.12.13-03.28.53
[2016.12.13-11.28.53:504][554]LogWorld: Bringing up level for play took: 0.009663
[2016.12.13-11.28.53:506][554]PIE: Info Play in editor start time for /Game/FirstPersonBP/Maps/UEDPIE_0_map1 0.33
[2016.12.13-11.28.53:506][554]LogBlueprintUserMessages: Late PlayInEditor Detection: Level '/Game/FirstPersonBP/Maps/map1.map1:PersistentLevel' has LevelScriptBlueprint '/Game/FirstPersonBP/Maps/map1.map1:PersistentLevel.map1' with GeneratedClass '/Game/FirstPersonBP/Maps/map1.map1_C' with ClassGeneratedBy '/Game/FirstPersonBP/Maps/map1.map1:PersistentLevel.map1'
[2016.12.13-11.29.23:933][277]LogBlueprintUserMessages: Early EndPlayMap Detection: Level '/Game/FirstPersonBP/Maps/map1.map1:PersistentLevel' has LevelScriptBlueprint '/Game/FirstPersonBP/Maps/map1.map1:PersistentLevel.map1' with GeneratedClass '/Game/FirstPersonBP/Maps/map1.map1_C' with ClassGeneratedBy '/Game/FirstPersonBP/Maps/map1.map1:PersistentLevel.map1'
[2016.12.13-11.29.23:984][277]LogBlueprintUserMessages: Late EndPlayMap Detection: Level '/Game/FirstPersonBP/Maps/map1.map1:PersistentLevel' has LevelScriptBlueprint '/Game/FirstPersonBP/Maps/map1.map1:PersistentLevel.map1' with GeneratedClass '/Game/FirstPersonBP/Maps/map1.map1_C' with ClassGeneratedBy '/Game/FirstPersonBP/Maps/map1.map1:PersistentLevel.map1'
[2016.12.13-11.29.45:254][390]LogBlueprintUserMessages: Early PlayInEditor Detection: Level '/Game/FirstPersonBP/Maps/map1.map1:PersistentLevel' has LevelScriptBlueprint '/Game/FirstPersonBP/Maps/map1.map1:PersistentLevel.map1' with GeneratedClass '/Game/FirstPersonBP/Maps/map1.map1_C' with ClassGeneratedBy '/Game/FirstPersonBP/Maps/map1.map1:PersistentLevel.map1'
[2016.12.13-11.29.45:254][390]LogPlayLevel: PlayLevel: No blueprints needed recompiling
[2016.12.13-11.29.45:255][390]PIE: New page: PIE session: map1 (Dec 12, 2016, 7:29:45 PM)
[2016.12.13-11.29.45:255][390]LogPlayLevel: Creating play world package: /Game/FirstPersonBP/Maps/UEDPIE_0_map1
[2016.12.13-11.29.45:287][390]LogPlayLevel: PIE: StaticDuplicateObject took: (0.031877s)
[2016.12.13-11.29.45:288][390]LogAIModule: Creating AISystem for world map1
[2016.12.13-11.29.45:288][390]LogPlayLevel: PIE: World Init took: (0.001105s)
[2016.12.13-11.29.45:288][390]LogPlayLevel: PIE: Created PIE world by copying editor world from /Game/FirstPersonBP/Maps/map1.map1 to /Game/FirstPersonBP/Maps/UEDPIE_0_map1.map1 (0.033295s)
[2016.12.13-11.29.45:308][390]LogInit: XAudio2 using 'Speakers (Realtek High Definition Audio)' : 2 channels at 48 kHz using 32 bits per sample (channel mask 0x3)
[2016.12.13-11.29.45:315][390]LogInit: FAudioDevice initialized.
[2016.12.13-11.29.45:359][390]LogWorld: Game class is 'FirstPersonGameMode_C'
[2016.12.13-11.29.45:367][390]LogWorld: Bringing World /Game/FirstPersonBP/Maps/UEDPIE_0_map1.map1 up for play (max tick rate 0) at 2016.12.13-03.29.45
[2016.12.13-11.29.45:369][390]LogWorld: Bringing up level for play took: 0.009603
[2016.12.13-11.29.45:371][390]PIE: Info Play in editor start time for /Game/FirstPersonBP/Maps/UEDPIE_0_map1 0.194
[2016.12.13-11.29.45:371][390]LogBlueprintUserMessages: Late PlayInEditor Detection: Level '/Game/FirstPersonBP/Maps/map1.map1:PersistentLevel' has LevelScriptBlueprint '/Game/FirstPersonBP/Maps/map1.map1:PersistentLevel.map1' with GeneratedClass '/Game/FirstPersonBP/Maps/map1.map1_C' with ClassGeneratedBy '/Game/FirstPersonBP/Maps/map1.map1:PersistentLevel.map1'
[2016.12.13-11.30.12:377][918]LogNet: Browse: /Game/FirstPersonBP/Maps/map1
[2016.12.13-11.30.12:394][918]LogLoad: LoadMap: /Game/FirstPersonBP/Maps/map1
[2016.12.13-11.30.12:416][918]Cmd: MEM
[2016.12.13-11.30.12:433][918]LogMemory: Platform Memory Stats for Windows
[2016.12.13-11.30.12:433][918]LogMemory: Process Physical Memory: 1174.34 MB used, 1187.11 MB peak
[2016.12.13-11.30.12:433][918]LogMemory: Process Virtual Memory: 1819.96 MB used, 1897.46 MB peak
[2016.12.13-11.30.12:433][918]LogMemory: Physical Memory: 5680.04 MB used, 8174.04 MB total
[2016.12.13-11.30.12:433][918]LogMemory: Virtual Memory: 2592.57 MB used, 8388608.00 MB total
[2016.12.13-11.30.12:433][918]LogMemory: 
[2016.12.13-11.30.12:433][918]Allocator Stats for TBB: (not implemented)
[2016.12.13-11.30.12:433][918]LogPlayLevel: Creating play world package: /Game/FirstPersonBP/Maps/UEDPIE_0_map1
[2016.12.13-11.30.12:466][918]LogPlayLevel: PIE: StaticDuplicateObject took: (0.033272s)
[2016.12.13-11.30.12:467][918]LogAIModule: Creating AISystem for world map1
[2016.12.13-11.30.12:467][918]LogPlayLevel: PIE: World Init took: (0.001100s)
[2016.12.13-11.30.12:468][918]LogPlayLevel: PIE: Created PIE world by copying editor world from /Game/FirstPersonBP/Maps/map1.map1 to /Game/FirstPersonBP/Maps/UEDPIE_0_map1.map1 (0.034797s)
[2016.12.13-11.30.12:468][918]LogWorld: Game class is 'FirstPersonGameMode_C'
[2016.12.13-11.30.12:476][918]LogWorld: Bringing World /Game/FirstPersonBP/Maps/UEDPIE_0_map1.map1 up for play (max tick rate 0) at 2016.12.13-03.30.12
[2016.12.13-11.30.12:478][918]LogWorld: Bringing up level for play took: 0.009510
[2016.12.13-11.30.12:480][918]LogLoad: Took 0.086229 seconds to LoadMap(/Game/FirstPersonBP/Maps/UEDPIE_0_map1)
[2016.12.13-11.30.30:051][911]LogBlueprintUserMessages: Early EndPlayMap Detection: Level '/Game/FirstPersonBP/Maps/map1.map1:PersistentLevel' has LevelScriptBlueprint '/Game/FirstPersonBP/Maps/map1.map1:PersistentLevel.map1' with GeneratedClass '/Game/FirstPersonBP/Maps/map1.map1_C' with ClassGeneratedBy '/Game/FirstPersonBP/Maps/map1.map1:PersistentLevel.map1'
[2016.12.13-11.30.30:097][911]LogBlueprintUserMessages: Late EndPlayMap Detection: Level '/Game/FirstPersonBP/Maps/map1.map1:PersistentLevel' has LevelScriptBlueprint '/Game/FirstPersonBP/Maps/map1.map1:PersistentLevel.map1' with GeneratedClass '/Game/FirstPersonBP/Maps/map1.map1_C' with ClassGeneratedBy '/Game/FirstPersonBP/Maps/map1.map1:PersistentLevel.map1'
[2016.12.13-11.30.31:626][959]Cmd: QUIT_EDITOR
[2016.12.13-11.30.32:097][959]LogExit: Preparing to exit.
[2016.12.13-11.30.32:796][959]LogExit: Editor shut down
[2016.12.13-11.30.32:796][959]LogExit: Transaction tracking system shut down
[2016.12.13-11.30.34:595][959]LogObj: Freed 0b from 0 cluster array pools.
[2016.12.13-11.30.34:595][959]LogExit: Object subsystem successfully closed.
[2016.12.13-11.30.34:804][959]LogD3D11RHI: Shutdown
[2016.12.13-11.30.34:804][959]LogD3D11RHI: CleanupD3DDevice
[2016.12.13-11.30.34:931][959]LogD3D11RHI: ~FD3D11DynamicRHI
[2016.12.13-11.30.35:778][959]LogModuleManager: Shutting down and abandoning module BlueprintGraph (215)
[2016.12.13-11.30.35:778][959]LogModuleManager: Shutting down and abandoning module MovieSceneCapture (214)
[2016.12.13-11.30.35:778][959]LogModuleManager: Shutting down and abandoning module HierarchicalLODOutliner (213)
[2016.12.13-11.30.35:788][959]LogModuleManager: Shutting down and abandoning module CrashTracker (212)
[2016.12.13-11.30.35:788][959]LogModuleManager: Shutting down and abandoning module SceneOutliner (211)
[2016.12.13-11.30.35:788][959]LogModuleManager: Shutting down and abandoning module WidgetCarousel (210)
[2016.12.13-11.30.35:797][959]LogModuleManager: Shutting down and abandoning module AddContentDialog (209)
[2016.12.13-11.30.35:824][959]LogModuleManager: Shutting down and abandoning module GameplayTags (208)
[2016.12.13-11.30.35:824][959]LogModuleManager: Shutting down and abandoning module EditorWidgets (207)
[2016.12.13-11.30.35:824][959]LogModuleManager: Shutting down and abandoning module CollectionManager (206)
[2016.12.13-11.30.35:842][959]LogModuleManager: Shutting down and abandoning module StatsViewer (205)
[2016.12.13-11.30.35:865][959]LogModuleManager: Shutting down and abandoning module FoliageEdit (204)
[2016.12.13-11.30.35:872][959]LogModuleManager: Shutting down and abandoning module LandscapeEditor (203)
[2016.12.13-11.30.35:886][959]LogModuleManager: Shutting down and abandoning module SceneDepthPickerMode (202)
[2016.12.13-11.30.35:886][959]LogModuleManager: Shutting down and abandoning module ActorPickerMode (201)
[2016.12.13-11.30.35:886][959]LogModuleManager: Shutting down and abandoning module GeometryMode (200)
[2016.12.13-11.30.35:886][959]LogModuleManager: Shutting down and abandoning module TextureAlignMode (199)
[2016.12.13-11.30.35:886][959]LogModuleManager: Shutting down and abandoning module BspMode (198)
[2016.12.13-11.30.35:901][959]LogModuleManager: Shutting down and abandoning module HardwareSurvey (197)
[2016.12.13-11.30.35:915][959]LogModuleManager: Shutting down and abandoning module SequenceRecorderSections (196)
[2016.12.13-11.30.35:915][959]LogModuleManager: Shutting down and abandoning module SequenceRecorder (195)
[2016.12.13-11.30.35:935][959]LogModuleManager: Shutting down and abandoning module AutomationWorker (194)
[2016.12.13-11.30.35:935][959]LogModuleManager: Shutting down and abandoning module MatineeToLevelSequence (193)
[2016.12.13-11.30.35:946][959]LogModuleManager: Shutting down and abandoning module PlacementMode (192)
[2016.12.13-11.30.35:957][959]LogModuleManager: Shutting down and abandoning module LevelSequenceEditor (191)
[2016.12.13-11.30.35:992][959]LogModuleManager: Shutting down and abandoning module CharacterAI (190)
[2016.12.13-11.30.35:992][959]LogModuleManager: Shutting down and abandoning module SmartSnapping (189)
[2016.12.13-11.30.35:992][959]LogModuleManager: Shutting down and abandoning module SessionServices (188)
[2016.12.13-11.30.35:992][959]LogModuleManager: Shutting down and abandoning module ViewportSnapping (187)
[2016.12.13-11.30.35:992][959]LogModuleManager: Shutting down and abandoning module LogVisualizer (186)
[2016.12.13-11.30.36:055][959]LogModuleManager: Shutting down and abandoning module GameProjectGeneration (185)
[2016.12.13-11.30.36:072][959]LogModuleManager: Shutting down and abandoning module IntroTutorials (184)
[2016.12.13-11.30.36:092][959]LogModuleManager: Shutting down and abandoning module EditorLiveStreaming (183)
[2016.12.13-11.30.36:092][959]LogModuleManager: Shutting down and abandoning module IOSPlatformEditor (182)
[2016.12.13-11.30.36:111][959]LogModuleManager: Shutting down and abandoning module HTML5PlatformEditor (181)
[2016.12.13-11.30.36:111][959]LogModuleManager: Shutting down and abandoning module AndroidDeviceDetection (180)
[2016.12.13-11.30.36:954][959]LogModuleManager: Shutting down and abandoning module AndroidPlatformEditor (179)
[2016.12.13-11.30.36:968][959]LogModuleManager: Shutting down and abandoning module IOSRuntimeSettings (178)
[2016.12.13-11.30.36:968][959]LogModuleManager: Shutting down and abandoning module AndroidRuntimeSettings (177)
[2016.12.13-11.30.36:968][959]LogModuleManager: Shutting down and abandoning module MergeActors (176)
[2016.12.13-11.30.36:975][959]LogModuleManager: Shutting down and abandoning module SizeMap (175)
[2016.12.13-11.30.36:975][959]LogModuleManager: Shutting down and abandoning module TreeMap (174)
[2016.12.13-11.30.36:984][959]LogModuleManager: Shutting down and abandoning module ReferenceViewer (173)
[2016.12.13-11.30.36:990][959]LogModuleManager: Shutting down and abandoning module LocalizationService (172)
[2016.12.13-11.30.37:002][959]LogModuleManager: Shutting down and abandoning module LocalizationDashboard (171)
[2016.12.13-11.30.37:012][959]LogModuleManager: Shutting down and abandoning module HardwareTargeting (170)
[2016.12.13-11.30.37:022][959]LogModuleManager: Shutting down and abandoning module DeviceProfileEditor (169)
[2016.12.13-11.30.37:036][959]LogModuleManager: Shutting down and abandoning module UndoHistory (168)
[2016.12.13-11.30.37:049][959]LogModuleManager: Shutting down and abandoning module UserFeedback (167)
[2016.12.13-11.30.37:049][959]LogModuleManager: Shutting down and abandoning module XmlParser (166)
[2016.12.13-11.30.37:063][959]LogModuleManager: Shutting down and abandoning module Blutility (165)
[2016.12.13-11.30.37:077][959]LogModuleManager: Shutting down and abandoning module ProjectTargetPlatformEditor (164)
[2016.12.13-11.30.37:084][959]LogModuleManager: Shutting down and abandoning module ProjectSettingsViewer (163)
[2016.12.13-11.30.37:084][959]LogModuleManager: Shutting down and abandoning module InputBindingEditor (162)
[2016.12.13-11.30.37:118][959]LogModuleManager: Shutting down and abandoning module EditorSettingsViewer (161)
[2016.12.13-11.30.37:118][959]LogModuleManager: Shutting down and abandoning module SettingsEditor (160)
[2016.12.13-11.30.37:137][959]LogModuleManager: Shutting down and abandoning module ProjectLauncher (159)
[2016.12.13-11.30.37:151][959]LogModuleManager: Shutting down and abandoning module SessionFrontend (158)
[2016.12.13-11.30.37:169][959]LogModuleManager: Shutting down and abandoning module ProfilerClient (157)
[2016.12.13-11.30.37:179][959]LogModuleManager: Shutting down and abandoning module TargetDeviceServices (156)
[2016.12.13-11.30.37:196][959]LogModuleManager: Shutting down and abandoning module DeviceManager (155)
[2016.12.13-11.30.37:264][959]LogModuleManager: Shutting down and abandoning module AutomationController (154)
[2016.12.13-11.30.37:280][959]LogModuleManager: Shutting down and abandoning module AutomationWindow (153)
[2016.12.13-11.30.37:301][959]LogModuleManager: Shutting down and abandoning module Layers (152)
[2016.12.13-11.30.37:321][959]LogModuleManager: Shutting down and abandoning module ComponentVisualizers (151)
[2016.12.13-11.30.37:321][959]LogModuleManager: Shutting down and abandoning module DetailCustomizations (150)
[2016.12.13-11.30.37:341][959]LogModuleManager: Shutting down and abandoning module PackagesDialog (149)
[2016.12.13-11.30.37:341][959]LogModuleManager: Shutting down and abandoning module Persona (148)
[2016.12.13-11.30.37:372][959]LogModuleManager: Shutting down and abandoning module Kismet (147)
[2016.12.13-11.30.37:372][959]LogModuleManager: Shutting down and abandoning module GraphEditor (146)
[2016.12.13-11.30.37:372][959]LogModuleManager: Shutting down and abandoning module ClassViewer (145)
[2016.12.13-11.30.37:394][959]LogModuleManager: Shutting down and abandoning module Toolbox (144)
[2016.12.13-11.30.37:401][959]LogModuleManager: Shutting down and abandoning module ModuleUI (143)
[2016.12.13-11.30.37:419][959]LogModuleManager: Shutting down and abandoning module MovieSceneTools (142)
[2016.12.13-11.30.37:467][959]LogModuleManager: Shutting down and abandoning module OutputLog (141)
[2016.12.13-11.30.37:473][959]LogModuleManager: Shutting down and abandoning module GammaUI (140)
[2016.12.13-11.30.37:487][959]LogModuleManager: Shutting down and abandoning module Documentation (139)
[2016.12.13-11.30.37:487][959]LogModuleManager: Shutting down and abandoning module StreamingPauseRendering (138)
[2016.12.13-11.30.37:487][959]LogModuleManager: Shutting down and abandoning module AnalyticsET (137)
[2016.12.13-11.30.37:487][959]LogModuleManager: Shutting down and abandoning module Analytics (136)
[2016.12.13-11.30.37:487][959]LogModuleManager: Shutting down and abandoning module PortalServices (135)
[2016.12.13-11.30.37:487][959]LogModuleManager: Shutting down and abandoning module PortalRpc (134)
[2016.12.13-11.30.37:487][959]LogModuleManager: Shutting down and abandoning module MessagingRpc (133)
[2016.12.13-11.30.37:487][959]LogModuleManager: Shutting down and abandoning module GameplayDebugger (132)
[2016.12.13-11.30.37:487][959]LogModuleManager: Shutting down and abandoning module AITestSuite (131)
[2016.12.13-11.30.37:504][959]LogModuleManager: Shutting down and abandoning module AIModule (130)
[2016.12.13-11.30.37:504][959]LogModuleManager: Shutting down and abandoning module ProfilerService (129)
[2016.12.13-11.30.37:526][959]LogModuleManager: Shutting down and abandoning module TaskGraph (128)
[2016.12.13-11.30.37:548][959]LogModuleManager: Shutting down and abandoning module SlateRemote (127)
[2016.12.13-11.30.37:548][959]LogModuleManager: Shutting down and abandoning module SteamVRController (126)
[2016.12.13-11.30.37:549][959]LogModuleManager: Shutting down and abandoning module SteamVR (125)
[2016.12.13-11.30.37:549][959]LogModuleManager: Shutting down and abandoning module ProceduralMeshComponent (124)
[2016.12.13-11.30.37:549][959]LogModuleManager: Shutting down and abandoning module OculusLibrary (123)
[2016.12.13-11.30.37:549][959]LogModuleManager: Shutting down and abandoning module OculusInput (122)
[2016.12.13-11.30.37:549][959]LogModuleManager: Shutting down and abandoning module CustomMeshComponent (121)
[2016.12.13-11.30.37:549][959]LogModuleManager: Shutting down and abandoning module CableComponent (120)
[2016.12.13-11.30.37:549][959]LogModuleManager: Shutting down and abandoning module ArchVisCharacter (119)
[2016.12.13-11.30.37:549][959]LogModuleManager: Shutting down and abandoning module MediaPlayerEditor (118)
[2016.12.13-11.30.37:562][959]LogModuleManager: Shutting down and abandoning module HTML5Networking (117)
[2016.12.13-11.30.37:562][959]LogModuleManager: Shutting down and abandoning module SuperSearch (116)
[2016.12.13-11.30.37:562][959]LogModuleManager: Shutting down and abandoning module SuperSearchEditor (115)
[2016.12.13-11.30.37:562][959]LogModuleManager: Shutting down and abandoning module SpeedTreeImporter (114)
[2016.12.13-11.30.37:562][959]LogModuleManager: Shutting down and abandoning module PluginBrowser (113)
[2016.12.13-11.30.37:571][959]LogModuleManager: Shutting down and abandoning module EpicSurvey (112)
[2016.12.13-11.30.37:571][959]LogModuleManager: Shutting down and abandoning module DesktopPlatform (111)
[2016.12.13-11.30.37:582][959]LogModuleManager: Shutting down and abandoning module VisualStudioSourceCodeAccess (110)
[2016.12.13-11.30.37:591][959]LogModuleManager: Shutting down and abandoning module UObjectPlugin (109)
[2016.12.13-11.30.37:591][959]LogModuleManager: Shutting down and abandoning module SubversionSourceControl (108)
[2016.12.13-11.30.37:603][959]LogModuleManager: Shutting down and abandoning module PerforceSourceControl (107)
[2016.12.13-11.30.37:611][959]LogModuleManager: Shutting down and abandoning module SourceControl (106)
[2016.12.13-11.30.37:618][959]LogModuleManager: Shutting down and abandoning module GitSourceControl (105)
[2016.12.13-11.30.37:634][959]LogModuleManager: Shutting down and abandoning module LightPropagationVolumeEditor (104)
[2016.12.13-11.30.37:634][959]LogModuleManager: Shutting down and abandoning module PaperTiledImporter (103)
[2016.12.13-11.30.37:651][959]LogModuleManager: Shutting down and abandoning module PaperSpriteSheetImporter (102)
[2016.12.13-11.30.37:651][959]LogModuleManager: Shutting down and abandoning module MeshPaint (101)
[2016.12.13-11.30.37:659][959]LogModuleManager: Shutting down and abandoning module PixelInspectorModule (100)
[2016.12.13-11.30.37:672][959]LogModuleManager: Shutting down and abandoning module HotReload (99)
[2016.12.13-11.30.37:701][959]LogModuleManager: Shutting down and abandoning module MainFrame (98)
[2016.12.13-11.30.37:704][959]LogModuleManager: Shutting down and abandoning module LevelEditor (97)
[2016.12.13-11.30.37:715][959]LogModuleManager: Shutting down and abandoning module ContentBrowser (96)
[2016.12.13-11.30.37:716][959]LogModuleManager: Shutting down and abandoning module Paper2DEditor (95)
[2016.12.13-11.30.37:730][959]LogModuleManager: Shutting down and abandoning module UdpMessaging (94)
[2016.12.13-11.30.37:830][959]LogModuleManager: Shutting down and abandoning module LightPropagationVolumeRuntime (93)
[2016.12.13-11.30.37:830][959]LogModuleManager: Shutting down and abandoning module Paper2D (92)
[2016.12.13-11.30.37:835][959]LogModuleManager: Shutting down and abandoning module WindowsMoviePlayer (91)
[2016.12.13-11.30.37:835][959]LogModuleManager: Shutting down and abandoning module Media (90)
[2016.12.13-11.30.37:835][959]LogModuleManager: Shutting down and abandoning module WmfMedia (89)
[2016.12.13-11.30.37:851][959]LogModuleManager: Shutting down and abandoning module MediaAssets (88)
[2016.12.13-11.30.37:851][959]LogModuleManager: Shutting down and abandoning module GameLiveStreaming (87)
[2016.12.13-11.30.37:868][959]LogModuleManager: Shutting down and abandoning module GameplayTagsEditor (86)
[2016.12.13-11.30.37:868][959]LogModuleManager: Shutting down and abandoning module OnlineBlueprintSupport (85)
[2016.12.13-11.30.37:868][959]LogModuleManager: Shutting down and abandoning module VREditor (84)
[2016.12.13-11.30.37:873][959]LogModuleManager: Shutting down and abandoning module GameplayTasksEditor (83)
[2016.12.13-11.30.37:873][959]LogModuleManager: Shutting down and abandoning module PropertyEditor (82)
[2016.12.13-11.30.37:873][959]LogModuleManager: Shutting down and abandoning module BehaviorTreeEditor (81)
[2016.12.13-11.30.37:898][959]LogModuleManager: Shutting down and abandoning module FunctionalTesting (80)
[2016.12.13-11.30.37:898][959]LogModuleManager: Shutting down and abandoning module CollisionAnalyzer (79)
[2016.12.13-11.30.37:908][959]LogModuleManager: Shutting down and abandoning module Sequencer (78)
[2016.12.13-11.30.37:933][959]LogModuleManager: Shutting down and abandoning module WorkspaceMenuStructure (77)
[2016.12.13-11.30.37:933][959]LogModuleManager: Shutting down and abandoning module MessageLog (76)
[2016.12.13-11.30.37:933][959]LogModuleManager: Shutting down and abandoning module AssetTools (75)
[2016.12.13-11.30.37:954][959]LogModuleManager: Shutting down and abandoning module UMGEditor (74)
[2016.12.13-11.30.37:979][959]LogModuleManager: Shutting down and abandoning module UMG (73)
[2016.12.13-11.30.37:979][959]LogModuleManager: Shutting down and abandoning module SlateReflector (72)
[2016.12.13-11.30.38:006][959]LogModuleManager: Shutting down and abandoning module Slate (71)
[2016.12.13-11.30.38:006][959]LogModuleManager: Shutting down and abandoning module EditorStyle (70)
[2016.12.13-11.30.38:009][959]LogModuleManager: Shutting down and abandoning module SourceCodeAccess (69)
[2016.12.13-11.30.38:009][959]LogModuleManager: Shutting down and abandoning module HeadMountedDisplay (68)
[2016.12.13-11.30.38:009][959]LogModuleManager: Shutting down and abandoning module XAudio2 (67)
[2016.12.13-11.30.38:009][959]LogModuleManager: Shutting down and abandoning module Networking (65)
[2016.12.13-11.30.38:009][959]LogModuleManager: Shutting down and abandoning module Core (64)
[2016.12.13-11.30.38:009][959]LogModuleManager: Shutting down and abandoning module DirectoryWatcher (63)
[2016.12.13-11.30.38:009][959]LogModuleManager: Shutting down and abandoning module AssetRegistry (62)
[2016.12.13-11.30.38:195][959]LogModuleManager: Shutting down and abandoning module KismetCompiler (61)
[2016.12.13-11.30.38:195][959]LogModuleManager: Shutting down and abandoning module PhysXFormats (60)
[2016.12.13-11.30.38:310][959]LogModuleManager: Shutting down and abandoning module MeshUtilities (59)
[2016.12.13-11.30.38:332][959]LogModuleManager: Shutting down and abandoning module DerivedDataCache (58)
[2016.12.13-11.30.38:375][959]LogDerivedDataCache: Shutdown
[2016.12.13-11.30.38:375][959]LogModuleManager: Shutting down and abandoning module VulkanShaderFormat (57)
[2016.12.13-11.30.38:392][959]LogModuleManager: Shutting down and abandoning module ShaderFormatOpenGL (56)
[2016.12.13-11.30.38:396][959]LogModuleManager: Shutting down and abandoning module ShaderFormatD3D (55)
[2016.12.13-11.30.38:415][959]LogModuleManager: Shutting down and abandoning module MetalShaderFormat (54)
[2016.12.13-11.30.38:428][959]LogModuleManager: Shutting down and abandoning module TextureFormatUncompressed (53)
[2016.12.13-11.30.38:428][959]LogModuleManager: Shutting down and abandoning module TextureFormatPVR (52)
[2016.12.13-11.30.38:435][959]LogModuleManager: Shutting down and abandoning module TextureFormatIntelISPCTexComp (51)
[2016.12.13-11.30.38:440][959]LogModuleManager: Shutting down and abandoning module TextureFormatDXT (50)
[2016.12.13-11.30.38:448][959]LogModuleManager: Shutting down and abandoning module ImageWrapper (49)
[2016.12.13-11.30.38:448][959]LogModuleManager: Shutting down and abandoning module TextureFormatASTC (48)
[2016.12.13-11.30.38:448][959]LogModuleManager: Shutting down and abandoning module TextureFormatAndroid (47)
[2016.12.13-11.30.38:448][959]LogModuleManager: Shutting down and abandoning module AudioFormatOpus (46)
[2016.12.13-11.30.38:451][959]LogModuleManager: Shutting down and abandoning module AudioFormatOgg (45)
[2016.12.13-11.30.38:451][959]LogModuleManager: Shutting down and abandoning module AudioFormatADPCM (44)
[2016.12.13-11.30.38:461][959]LogModuleManager: Shutting down and abandoning module LinuxTargetPlatform (43)
[2016.12.13-11.30.38:461][959]LogModuleManager: Shutting down and abandoning module LinuxServerTargetPlatform (42)
[2016.12.13-11.30.38:465][959]LogModuleManager: Shutting down and abandoning module LinuxNoEditorTargetPlatform (41)
[2016.12.13-11.30.38:471][959]LogModuleManager: Shutting down and abandoning module TVOSTargetPlatform (40)
[2016.12.13-11.30.38:471][959]LogModuleManager: Shutting down and abandoning module Messaging (39)
[2016.12.13-11.30.38:471][959]LogModuleManager: Shutting down and abandoning module IOSTargetPlatform (38)
[2016.12.13-11.30.38:471][959]LogModuleManager: Shutting down and abandoning module HTML5TargetPlatform (37)
[2016.12.13-11.30.38:471][959]LogModuleManager: Shutting down and abandoning module Android_PVRTCTargetPlatform (36)
[2016.12.13-11.30.38:471][959]LogModuleManager: Shutting down and abandoning module Android_MultiTargetPlatform (35)
[2016.12.13-11.30.38:481][959]LogModuleManager: Shutting down and abandoning module Android_ETC2TargetPlatform (34)
[2016.12.13-11.30.38:481][959]LogModuleManager: Shutting down and abandoning module Android_ETC1TargetPlatform (33)
[2016.12.13-11.30.38:481][959]LogModuleManager: Shutting down and abandoning module Android_DXTTargetPlatform (32)
[2016.12.13-11.30.38:481][959]LogModuleManager: Shutting down and abandoning module Android_ATCTargetPlatform (31)
[2016.12.13-11.30.38:481][959]LogModuleManager: Shutting down and abandoning module Android_ASTCTargetPlatform (30)
[2016.12.13-11.30.38:481][959]LogModuleManager: Shutting down and abandoning module AndroidTargetPlatform (29)
[2016.12.13-11.30.38:481][959]LogModuleManager: Shutting down and abandoning module WindowsTargetPlatform (28)
[2016.12.13-11.30.38:481][959]LogModuleManager: Shutting down and abandoning module WindowsServerTargetPlatform (27)
[2016.12.13-11.30.38:497][959]LogModuleManager: Shutting down and abandoning module WindowsNoEditorTargetPlatform (26)
[2016.12.13-11.30.38:514][959]LogModuleManager: Shutting down and abandoning module WindowsClientTargetPlatform (25)
[2016.12.13-11.30.38:519][959]LogModuleManager: Shutting down and abandoning module AllDesktopTargetPlatform (24)
[2016.12.13-11.30.38:519][959]LogModuleManager: Shutting down and abandoning module TargetPlatform (23)
[2016.12.13-11.30.38:528][959]LogModuleManager: Shutting down and abandoning module InputCore (22)
[2016.12.13-11.30.38:528][959]LogModuleManager: Shutting down and abandoning module Settings (21)
[2016.12.13-11.30.38:528][959]LogModuleManager: Shutting down and abandoning module OnlineSubsystem (19)
[2016.12.13-11.30.38:528][959]LogModuleManager: Shutting down and abandoning module HTTP (18)
[2016.12.13-11.30.40:028][959]LogModuleManager: Shutting down and abandoning module XMPP (17)
[2016.12.13-11.30.40:045][959]LogModuleManager: Shutting down and abandoning module OculusRift (16)
[2016.12.13-11.30.40:063][959]LogModuleManager: Shutting down and abandoning module ExampleDeviceProfileSelector (15)
[2016.12.13-11.30.40:063][959]LogModuleManager: Shutting down and abandoning module TextureCompressor (14)
[2016.12.13-11.30.40:070][959]LogModuleManager: Shutting down and abandoning module ShaderCore (13)
[2016.12.13-11.30.40:070][959]LogModuleManager: Shutting down and abandoning module Landscape (12)
[2016.12.13-11.30.40:070][959]LogModuleManager: Shutting down and abandoning module SlateRHIRenderer (11)
[2016.12.13-11.30.40:080][959]LogModuleManager: Shutting down and abandoning module OpenGLDrv (10)
[2016.12.13-11.30.40:089][959]LogModuleManager: Shutting down and abandoning module D3D11RHI (9)
[2016.12.13-11.30.40:089][959]LogModuleManager: Shutting down and abandoning module AnimGraphRuntime (8)
[2016.12.13-11.30.40:089][959]LogModuleManager: Shutting down and abandoning module Renderer (7)
[2016.12.13-11.30.40:089][959]LogModuleManager: Shutting down and abandoning module Engine (6)
[2016.12.13-11.30.40:089][959]LogModuleManager: Shutting down and abandoning module CoreUObject (5)
[2016.12.13-11.30.40:089][959]LogModuleManager: Shutting down and abandoning module NetworkFile (4)
[2016.12.13-11.30.40:098][959]LogModuleManager: Shutting down and abandoning module StreamingFile (3)
[2016.12.13-11.30.40:112][959]LogModuleManager: Shutting down and abandoning module SandboxFile (2)
[2016.12.13-11.30.40:119][959]LogModuleManager: Shutting down and abandoning module PakFile (1)
[2016.12.13-11.30.40:143][959]LogExit: Exiting.
[2016.12.13-11.30.40:167][959]Log file closed, 12/13/16 03:30:40
