Log file open, 12/14/16 12:06:38
LogInit:Display: Running engine for game: RobotFps
LogPlatformFile: Not using cached read wrapper
LogInit:Display: RandInit(-1989377300) SRandInit(-1989377298).
LogTaskGraph: Started task graph with 4 named threads and 7 total threads with 1 sets of task threads.
LogStats: Stats thread started at 0.992312
LogInit: Version: 4.12.5-3039270+++UE4+Release-4.12
LogInit: API Version: 2992821
LogInit: Net Version: 3039270
LogDevObjectVersion: Number of dev versions registered: 13
LogDevObjectVersion:   Dev-Blueprints (B0D832E4-1F89-4F0D-ACCF-7EB736FD4AA2): 3
LogDevObjectVersion:   Dev-Build (E1C64328-A22C-4D53-A36C-8E866417BD8C): 0
LogDevObjectVersion:   Dev-Core (375EC13C-06E4-48FB-B500-84F0262A717E): 1
LogDevObjectVersion:   Dev-Editor (E4B068ED-F494-42E9-A231-DA0B2E46BB41): 2
LogDevObjectVersion:   Dev-Framework (CFFC743F-43B0-4480-9391-14DF171D2073): 6
LogDevObjectVersion:   Dev-Mobile (B02B49B5-BB20-44E9-A304-32B752E40360): 0
LogDevObjectVersion:   Dev-Networking (A4E4105C-59A1-49B5-A7C5-40C4547EDFEE): 0
LogDevObjectVersion:   Dev-Online (39C831C9-5AE6-47DC-9A44-9C173E1C8E7C): 0
LogDevObjectVersion:   Dev-Physics (78F01B33-EBEA-4F98-B9B4-84EACCB95AA2): 0
LogDevObjectVersion:   Dev-Platform (6631380F-2D4D-43E0-8009-CF276956A95A): 0
LogDevObjectVersion:   Dev-Rendering (12F88B9F-8875-4AFC-A67C-D90C383ABD29): 2
LogDevObjectVersion:   Dev-Sequencer (7B5AE74C-D270-4C10-A958-57980B212A5A): 0
LogDevObjectVersion:   Dev-VR (D7296918-1DD6-4BDD-9DE2-64A83CC13884): 0
LogInit: Compiled (64-bit): Jul  6 2016 09:09:46
LogInit: Compiled with Visual C++: 19.00.23026.00
LogInit: Build Configuration: Development
LogInit: Branch Name: ++UE4+Release-4.12
LogInit: Command line:  
LogInit: Base directory: C:/Program Files/Epic Games/4.12/Engine/Binaries/Win64/
LogInit: Installed Engine Build: 1
LogInit: Using libcurl 7.41.0
LogInit:  - built for x86_64-pc-win32
LogInit:  - supports SSL with WinSSL
LogInit:  - other features:
LogInit:      CURL_VERSION_SSL
LogInit:      CURL_VERSION_IPV6
LogInit:      CURL_VERSION_ASYNCHDNS
LogInit:      CURL_VERSION_LARGEFILE
LogInit:      CURL_VERSION_IDN
LogInit:  CurlRequestOptions (configurable via config and command line):
LogInit:  - bVerifyPeer = true  - Libcurl will verify peer certificate
LogInit:  - bUseHttpProxy = false  - Libcurl will NOT use HTTP proxy
LogInit:  - bDontReuseConnections = false  - Libcurl will reuse connections
LogInit:  - CertBundlePath = nullptr  - Libcurl will use whatever was configured at build time.
LogInit: Presizing for max 8388607 objects, including 0 objects not considered by GC, pre-allocating 0 bytes for permanent pool.
LogInit: Object subsystem initialized
[2016.12.14-20.06.38:737][  0]LogInit: Selected Device Profile: [Windows]
[2016.12.14-20.06.38:737][  0]LogInit: Applying CVar settings loaded from the selected device profile: [Windows]
[2016.12.14-20.06.38:804][  0]LogInit: Computer: GODLIKESYSTEM
[2016.12.14-20.06.38:804][  0]LogInit: User: Demonic
[2016.12.14-20.06.38:804][  0]LogInit: CPU Page size=65536, Cores=4
[2016.12.14-20.06.38:804][  0]LogInit: High frequency timer resolution =3.312841 MHz
[2016.12.14-20.06.38:804][  0]LogMemory: Memory total: Physical=8.0GB (8GB approx)
[2016.12.14-20.06.38:804][  0]LogMemory: Platform Memory Stats for Windows
[2016.12.14-20.06.38:804][  0]LogMemory: Process Physical Memory: 191.49 MB used, 191.49 MB peak
[2016.12.14-20.06.38:804][  0]LogMemory: Process Virtual Memory: 196.98 MB used, 196.98 MB peak
[2016.12.14-20.06.38:804][  0]LogMemory: Physical Memory: 5262.79 MB used, 8174.04 MB total
[2016.12.14-20.06.38:804][  0]LogMemory: Virtual Memory: 520.69 MB used, 8388608.00 MB total
[2016.12.14-20.06.40:194][  0]LogTextLocalizationManager: No specific translations for ('en-US') exist, so ('en') translations will be used.
[2016.12.14-20.06.41:161][  0]LogD3D11RHI: D3D11 adapters:
[2016.12.14-20.06.41:309][  0]LogD3D11RHI:    0. 'NVIDIA GeForce GT 440' (Feature Level 11_0)
[2016.12.14-20.06.41:309][  0]LogD3D11RHI:       1489/0/2559 MB DedicatedVideo/DedicatedSystem/SharedSystem, Outputs:1, VendorId:0x10de
[2016.12.14-20.06.41:309][  0]LogD3D11RHI: Chosen D3D11 Adapter: 0
[2016.12.14-20.06.41:314][  0]LogD3D11RHI: Creating new Direct3DDevice
[2016.12.14-20.06.41:314][  0]LogD3D11RHI:     GPU DeviceId: 0xdc0 (for the marketing name, search the web for "GPU Device Id")
[2016.12.14-20.06.41:314][  0]LogWindows: EnumDisplayDevices:
[2016.12.14-20.06.41:314][  0]LogWindows:    0. 'NVIDIA GeForce GT 440' (P:1 D:1)
[2016.12.14-20.06.41:314][  0]LogWindows:    1. 'NVIDIA GeForce GT 440' (P:0 D:0)
[2016.12.14-20.06.41:314][  0]LogWindows:    2. 'RDPDD Chained DD' (P:0 D:0)
[2016.12.14-20.06.41:314][  0]LogWindows:    3. 'RDP Encoder Mirror Driver' (P:0 D:0)
[2016.12.14-20.06.41:314][  0]LogWindows:    4. 'RDP Reflector Display Driver' (P:0 D:0)
[2016.12.14-20.06.41:314][  0]LogWindows: DebugString: GetVideoDriverDetailsInvalid PrimaryIsNotTheChoosenAdapter GetVideoDriverDetailsInvalid PrimaryIsNotTheChoosenAdapter GetVideoDriverDetailsInvalid PrimaryIsNotTheChoosenAdapter FoundDriverCount:2 
[2016.12.14-20.06.41:314][  0]LogD3D11RHI:     Adapter Name: NVIDIA GeForce GT 440
[2016.12.14-20.06.41:314][  0]LogD3D11RHI:   Driver Version: 364.72 (internal:10.18.13.6472, unified:364.72)
[2016.12.14-20.06.41:314][  0]LogD3D11RHI:      Driver Date: 3-21-2016
[2016.12.14-20.06.41:314][  0]LogRHI: Texture pool is 1042 MB (70% of 1489 MB)
[2016.12.14-20.06.41:322][  0]LogD3D11RHI: Async texture creation enabled
[2016.12.14-20.06.41:471][  0]LogD3D11RHI: GPU Timing Frequency: 1000.000000 (Debug: 2 2)
[2016.12.14-20.06.41:489][  0]LogShaderCompilers: Guid format shader working directory is -1 characters bigger than the processId version (../../../../../../Users/Demonic/Desktop/RobotFps/Intermediate/Shaders/WorkingDirectory/16408/).
[2016.12.14-20.06.41:489][  0]LogShaderCompilers: Cleaned the shader compiler working directory 'C:/Users/Demonic/AppData/Local/Temp/UnrealShaderWorkingDir/5CF29BBF4B82E9C0F92EE6AB7B63E09E/'.
[2016.12.14-20.06.41:494][  0]LogShaderCompilers:Display: Using Local Shader Compiler.
[2016.12.14-20.06.50:914][  0]LogTemp:Display: Loaded TP AllDesktopTargetPlatform
[2016.12.14-20.06.50:953][  0]LogTemp:Display: Loaded TP WindowsClientTargetPlatform
[2016.12.14-20.06.50:980][  0]LogTemp:Display: Loaded TP WindowsNoEditorTargetPlatform
[2016.12.14-20.06.51:013][  0]LogTemp:Display: Loaded TP WindowsServerTargetPlatform
[2016.12.14-20.06.51:056][  0]LogTemp:Display: Loaded TP WindowsTargetPlatform
[2016.12.14-20.06.51:091][  0]LogTemp:Display: Loaded TP AndroidTargetPlatform
[2016.12.14-20.06.51:125][  0]LogTemp:Display: Loaded TP Android_ASTCTargetPlatform
[2016.12.14-20.06.51:152][  0]LogTemp:Display: Loaded TP Android_ATCTargetPlatform
[2016.12.14-20.06.51:184][  0]LogTemp:Display: Loaded TP Android_DXTTargetPlatform
[2016.12.14-20.06.51:211][  0]LogTemp:Display: Loaded TP Android_ETC1TargetPlatform
[2016.12.14-20.06.51:243][  0]LogTemp:Display: Loaded TP Android_ETC2TargetPlatform
[2016.12.14-20.06.51:303][  0]LogTemp:Display: Loaded TP Android_MultiTargetPlatform
[2016.12.14-20.06.51:303][  0]LogTemp:Display: Loaded TP Android_PVRTCTargetPlatform
[2016.12.14-20.06.51:332][  0]LogTemp:Display: Loaded TP HTML5TargetPlatform
[2016.12.14-20.06.51:469][  0]LogTemp:Display: Loaded TP IOSTargetPlatform
[2016.12.14-20.06.51:509][  0]LogTemp:Display: Loaded TP TVOSTargetPlatform
[2016.12.14-20.06.51:546][  0]LogTemp:Display: Loaded TP LinuxNoEditorTargetPlatform
[2016.12.14-20.06.51:582][  0]LogTemp:Display: Loaded TP LinuxServerTargetPlatform
[2016.12.14-20.06.51:626][  0]LogTemp:Display: Loaded TP LinuxTargetPlatform
[2016.12.14-20.06.51:626][  0]LogTargetPlatformManager:Display: Building Assets For Windows
[2016.12.14-20.06.52:752][  0]LogDerivedDataCache:Display: Max Cache Size: 512 MB
[2016.12.14-20.06.53:421][  0]LogDerivedDataCache: Loaded boot cache 0.65s 48MB C:/Users/Demonic/AppData/Local/UnrealEngine/4.12/DerivedDataCache/Boot.ddc.
[2016.12.14-20.06.53:422][  0]LogDerivedDataCache:Display: Loaded Boot cache: C:/Users/Demonic/AppData/Local/UnrealEngine/4.12/DerivedDataCache/Boot.ddc
[2016.12.14-20.06.53:422][  0]LogDerivedDataCache: FDerivedDataBackendGraph:  Pak pak cache file ../../../../../../Users/Demonic/Desktop/RobotFps/DerivedDataCache/DDC.ddp not found, will not use a pak cache.
[2016.12.14-20.06.53:422][  0]LogDerivedDataCache: Unable to find inner node Pak for hierarchical cache Hierarchy.
[2016.12.14-20.06.53:422][  0]LogDerivedDataCache: FDerivedDataBackendGraph:  CompressedPak pak cache file ../../../../../../Users/Demonic/Desktop/RobotFps/DerivedDataCache/Compressed.ddp not found, will not use a pak cache.
[2016.12.14-20.06.53:422][  0]LogDerivedDataCache: Unable to find inner node CompressedPak for hierarchical cache Hierarchy.
[2016.12.14-20.06.53:506][  0]LogDerivedDataCache:Display: Pak cache opened for reading ../../../Engine/DerivedDataCache/Compressed.ddp.
[2016.12.14-20.06.53:535][  0]LogDerivedDataCache: Using Local data cache path C:/Users/Demonic/AppData/Local/UnrealEngine/Common/DerivedDataCache: Writable
[2016.12.14-20.06.58:361][  0]LogInit: Selected Device Profile: [Windows]
[2016.12.14-20.06.58:546][  0]LogContentStreaming: Texture pool size is 0.00 MB
[2016.12.14-20.07.01:037][  0]LogMeshUtilities: No automatic mesh reduction module available
[2016.12.14-20.07.01:037][  0]LogMeshUtilities: No automatic mesh merging module available
[2016.12.14-20.07.01:037][  0]LogMeshUtilities: No distributed automatic mesh merging module available
[2016.12.14-20.07.06:949][  0]LogAssetRegistry: FAssetRegistry took 0.0201 seconds to start up
[2016.12.14-20.07.07:005][  0]LogPackageLocalizationCache: Processed 3 localized package path(s) for 2 prioritized culture(s) in 0.031525 seconds
[2016.12.14-20.07.07:069][  0]LogUObjectArray: 28739 objects as part of root set at end of initial load.
[2016.12.14-20.07.07:069][  0]LogUObjectAllocator: 5855624 out of 0 bytes used by permanent object pool.
[2016.12.14-20.07.07:069][  0]LogUObjectArray: CloseDisregardForGC: 0/0 objects in disregard for GC pool
[2016.12.14-20.07.07:110][  0]LogInit: WinSock: version 1.1 (2.2), MaxSocks=32767, MaxUdp=65467
[2016.12.14-20.07.12:426][  0]LogSlate: SlateFontCache - WITH_FREETYPE: 1, WITH_HARFBUZZ: 1
[2016.12.14-20.07.12:426][  0]LogSlate: SlateFontCache - WITH_FREETYPE: 1, WITH_HARFBUZZ: 1
[2016.12.14-20.07.32:254][  0]LogUdpMessaging: Initializing bridge on interface 0.0.0.0:0 to multicast group 230.0.0.1:6666.
[2016.12.14-20.07.33:752][  0]SourceControl: Info Source control is disabled
[2016.12.14-20.07.33:770][  0]SourceControl: Info Source control is disabled
[2016.12.14-20.07.33:859][  0]SourceControl: Info Source control is disabled
[2016.12.14-20.07.33:921][  0]SourceControl: Info Source control is disabled
[2016.12.14-20.07.34:478][  0]LogLinker:Warning: Can't find file '/Game/TopDownCPP/TopDownOverview'
[2016.12.14-20.07.34:478][  0]LogLinker:Warning: Can't find file '/Game/TopDownCPP/TopDownOverview'
[2016.12.14-20.07.34:478][  0]LogUObjectGlobals:Warning: Failed to find object 'Class /Game/TopDownCPP/TopDownOverview.TopDownOverview_C'
[2016.12.14-20.07.35:330][  0]LogEngine: Initializing Engine...
[2016.12.14-20.07.35:387][  0]LogHMD: SteamVR failed to initialize.  Err: 110
[2016.12.14-20.07.35:390][  0]LogHMD: SteamVR failed to initialize.  Err: 110
[2016.12.14-20.07.36:448][  0]LogAIModule: Creating AISystem for world NewWorld
[2016.12.14-20.07.36:558][  0]LogInit: XAudio2 using 'Speakers (Realtek High Definition Audio)' : 2 channels at 48 kHz using 32 bits per sample (channel mask 0x3)
[2016.12.14-20.07.36:590][  0]LogInit: FAudioDevice initialized.
[2016.12.14-20.07.36:619][  0]LogDerivedDataCache: Saved boot cache 0.03s 48MB C:/Users/Demonic/AppData/Local/UnrealEngine/4.12/DerivedDataCache/Boot.ddc.
[2016.12.14-20.07.36:626][  0]LogInit: Texture streaming: Enabled
[2016.12.14-20.07.36:848][  0]LogInit: Transaction tracking system initialized
[2016.12.14-20.07.37:080][  0]BlueprintLog: New page: Editor Load
[2016.12.14-20.07.38:127][  0]LocalizationService: Info Localization service is disabled
[2016.12.14-20.07.39:033][  0]LogConsoleResponse:Display: 
[2016.12.14-20.07.43:110][  0]LogCook:Display: Max memory allowance for cook 8192mb
[2016.12.14-20.07.43:110][  0]LogCook:Display: Mobile HDR setting 1
[2016.12.14-20.07.43:999][  0]LogFileCache: Scanning file cache for directory 'C:/Users/Demonic/Desktop/RobotFps/Content/' took 0.01s
[2016.12.14-20.07.45:327][  0]SourceControl: Info Source control is disabled
[2016.12.14-20.07.45:327][  0]Cmd: MAP LOAD FILE="../../../../../../Users/Demonic/Desktop/RobotFps/Content/FirstPersonBP/Maps/map1.umap" TEMPLATE=0 SHOWPROGRESS=1 FEATURELEVEL=3
[2016.12.14-20.07.45:328][  0]LightingResults: New page: Lighting Build
[2016.12.14-20.07.45:405][  0]MapCheck: New page: Map Check
[2016.12.14-20.07.45:405][  0]LightingResults: New page: Lighting Build
[2016.12.14-20.07.51:396][  0]LogAIModule: Creating AISystem for world map1
[2016.12.14-20.07.51:782][  0]LogEditorServer: Finished looking for orphan Actors (0.000 secs)
[2016.12.14-20.07.51:791][  0]Cmd: MAP CHECKDEP NOCLEARLOG
[2016.12.14-20.07.51:833][  0]MapCheck: Info Map check complete: 0 Error(s), 0 Warning(s), took 41.147ms to complete.
[2016.12.14-20.07.51:833][  0]LogFileHelpers: Loading map 'map1' took 6.506
[2016.12.14-20.07.52:289][  0]LogCollectionManager: Loaded 0 collections in 0.001333 seconds
[2016.12.14-20.07.52:328][  0]LogFileCache: Scanning file cache for directory 'C:/Users/Demonic/Desktop/RobotFps/Saved/Collections/' took 0.01s
[2016.12.14-20.07.52:328][  0]LogFileCache: Scanning file cache for directory 'C:/Users/Demonic/Desktop/RobotFps/Content/Developers/Demonic/Collections/' took 0.01s
[2016.12.14-20.07.52:328][  0]LogFileCache: Scanning file cache for directory 'C:/Users/Demonic/Desktop/RobotFps/Content/Collections/' took 0.01s
[2016.12.14-20.07.52:328][  0]LogCollectionManager: Rebuilt the GUID cache for 0 collections in 0.000007 seconds
[2016.12.14-20.07.52:336][  0]LogContentBrowser: Native class hierarchy populated in 0.0082 seconds. Added 2047 classes and 369 folders.
[2016.12.14-20.07.52:341][  0]LogStats: UGameplayTagsManager::ConstructGameplayTagTree: Construct from data asset -  0.000 s
[2016.12.14-20.07.52:341][  0]LogStats: UGameplayTagsManager::ConstructGameplayTagTree: GameplayTagTreeChangedEvent.Broadcast -  0.000 s
[2016.12.14-20.07.52:342][  0]LogContentBrowser: Native class hierarchy updated for 'GameplayTags' in 0.0004 seconds. Added 12 classes and 0 folders.
[2016.12.14-20.07.52:347][  0]LogContentBrowser: Native class hierarchy updated for 'WidgetCarousel' in 0.0004 seconds. Added 0 classes and 0 folders.
[2016.12.14-20.07.54:058][  0]LogContentBrowser: Native class hierarchy updated for 'AddContentDialog' in 0.0004 seconds. Added 0 classes and 0 folders.
[2016.12.14-20.07.54:113][  0]LogContentBrowser: Native class hierarchy updated for 'SceneOutliner' in 0.0004 seconds. Added 1 classes and 2 folders.
[2016.12.14-20.07.54:306][  0]LogCrashTracker: Crashtracker disabled due to settings.
[2016.12.14-20.07.54:341][  0]LogUObjectGlobals:Warning: Failed to find object 'Class None.'
[2016.12.14-20.07.54:412][  0]LogContentBrowser: Native class hierarchy updated for 'HierarchicalLODOutliner' in 0.0004 seconds. Added 1 classes and 2 folders.
[2016.12.14-20.07.54:413][  0]LogLoad: Full Startup: 82.83 seconds (BP compile: 0.54 seconds)
[2016.12.14-20.07.54:413][  0]LogExternalProfiler: Found external profiler: VSPerf
[2016.12.14-20.07.54:413][  0]LogExternalProfiler: Using external profiler: VSPerf
[2016.12.14-20.07.54:448][  0]LogOcInput: OculusInput pre-init called
[2016.12.14-20.07.54:493][  0]LogContentStreaming: Texture pool size now 1000 MB
[2016.12.14-20.07.55:256][  0]LogRenderer: Reallocating scene render targets to support 704x540 (Frame:2).
[2016.12.14-20.07.55:735][  2]LogAssetRegistry: Asset discovery search completed in 48.8054 seconds
[2016.12.14-20.07.55:735][  2]LogCollectionManager: Rebuilt the object cache for 0 collections in 0.000001 seconds (found 0 objects)
[2016.12.14-20.07.55:735][  2]LogCollectionManager: Fixed up redirectors for 0 collections in 0.000049 seconds (updated 0 objects)
[2016.12.14-20.08.14:987][936]LogBlueprintUserMessages: Early PlayInEditor Detection: Level '/Game/FirstPersonBP/Maps/map1.map1:PersistentLevel' has LevelScriptBlueprint '/Game/FirstPersonBP/Maps/map1.map1:PersistentLevel.map1' with GeneratedClass '/Game/FirstPersonBP/Maps/map1.map1_C' with ClassGeneratedBy '/Game/FirstPersonBP/Maps/map1.map1:PersistentLevel.map1'
[2016.12.14-20.08.14:987][936]LogPlayLevel: PlayLevel: No blueprints needed recompiling
[2016.12.14-20.08.15:062][936]PIE: New page: PIE session: map1 (Dec 14, 2016, 4:08:14 AM)
[2016.12.14-20.08.15:062][936]LogPlayLevel: Creating play world package: /Game/FirstPersonBP/Maps/UEDPIE_0_map1
[2016.12.14-20.08.15:106][936]LogPlayLevel: PIE: StaticDuplicateObject took: (0.043480s)
[2016.12.14-20.08.15:107][936]LogAIModule: Creating AISystem for world map1
[2016.12.14-20.08.15:107][936]LogPlayLevel: PIE: World Init took: (0.001048s)
[2016.12.14-20.08.15:107][936]LogPlayLevel: PIE: Created PIE world by copying editor world from /Game/FirstPersonBP/Maps/map1.map1 to /Game/FirstPersonBP/Maps/UEDPIE_0_map1.map1 (0.044897s)
[2016.12.14-20.08.15:170][936]LogInit: XAudio2 using 'Speakers (Realtek High Definition Audio)' : 2 channels at 48 kHz using 32 bits per sample (channel mask 0x3)
[2016.12.14-20.08.15:179][936]LogInit: FAudioDevice initialized.
[2016.12.14-20.08.15:303][936]LogWorld: Game class is 'FirstPersonGameMode_C'
[2016.12.14-20.08.15:315][936]LogWorld: Bringing World /Game/FirstPersonBP/Maps/UEDPIE_0_map1.map1 up for play (max tick rate 0) at 2016.12.14-12.08.15
[2016.12.14-20.08.15:335][936]LogWorld: Bringing up level for play took: 0.027884
[2016.12.14-20.08.15:356][936]LogContentBrowser: Native class hierarchy updated for 'MovieSceneCapture' in 0.0004 seconds. Added 11 classes and 0 folders.
[2016.12.14-20.08.15:359][936]PIE: Info Play in editor start time for /Game/FirstPersonBP/Maps/UEDPIE_0_map1 0.65
[2016.12.14-20.08.15:359][936]LogBlueprintUserMessages: Late PlayInEditor Detection: Level '/Game/FirstPersonBP/Maps/map1.map1:PersistentLevel' has LevelScriptBlueprint '/Game/FirstPersonBP/Maps/map1.map1:PersistentLevel.map1' with GeneratedClass '/Game/FirstPersonBP/Maps/map1.map1_C' with ClassGeneratedBy '/Game/FirstPersonBP/Maps/map1.map1:PersistentLevel.map1'
[2016.12.14-20.09.38:750][710]LogBlueprintUserMessages: Early EndPlayMap Detection: Level '/Game/FirstPersonBP/Maps/map1.map1:PersistentLevel' has LevelScriptBlueprint '/Game/FirstPersonBP/Maps/map1.map1:PersistentLevel.map1' with GeneratedClass '/Game/FirstPersonBP/Maps/map1.map1_C' with ClassGeneratedBy '/Game/FirstPersonBP/Maps/map1.map1:PersistentLevel.map1'
[2016.12.14-20.09.38:857][710]LogBlueprintUserMessages: Late EndPlayMap Detection: Level '/Game/FirstPersonBP/Maps/map1.map1:PersistentLevel' has LevelScriptBlueprint '/Game/FirstPersonBP/Maps/map1.map1:PersistentLevel.map1' with GeneratedClass '/Game/FirstPersonBP/Maps/map1.map1_C' with ClassGeneratedBy '/Game/FirstPersonBP/Maps/map1.map1:PersistentLevel.map1'
[2016.12.14-20.09.42:405][838]LogContentBrowser: Native class hierarchy updated for 'BlueprintGraph' in 0.0008 seconds. Added 111 classes and 0 folders.
[2016.12.14-20.10.48:890][644]BlueprintLog: New page: Compile AMonster
[2016.12.14-20.10.49:043][644]BlueprintEditorCompileResults: Info [0257.45] Compile of AMonster successful! [in 153 ms] (/Game/RobotFps/Monsters/M_Drone/AMonster.AMonster)
[2016.12.14-20.10.51:402][753]LogBlueprintUserMessages: Early PlayInEditor Detection: Level '/Game/FirstPersonBP/Maps/map1.map1:PersistentLevel' has LevelScriptBlueprint '/Game/FirstPersonBP/Maps/map1.map1:PersistentLevel.map1' with GeneratedClass '/Game/FirstPersonBP/Maps/map1.map1_C' with ClassGeneratedBy '/Game/FirstPersonBP/Maps/map1.map1:PersistentLevel.map1'
[2016.12.14-20.10.51:402][753]LogPlayLevel: PlayLevel: No blueprints needed recompiling
[2016.12.14-20.10.51:402][753]PIE: New page: PIE session: map1 (Dec 14, 2016, 4:10:51 AM)
[2016.12.14-20.10.51:402][753]LogPlayLevel: Creating play world package: /Game/FirstPersonBP/Maps/UEDPIE_0_map1
[2016.12.14-20.10.51:440][753]LogPlayLevel: PIE: StaticDuplicateObject took: (0.037813s)
[2016.12.14-20.10.51:442][753]LogAIModule: Creating AISystem for world map1
[2016.12.14-20.10.51:442][753]LogPlayLevel: PIE: World Init took: (0.002203s)
[2016.12.14-20.10.51:442][753]LogPlayLevel: PIE: Created PIE world by copying editor world from /Game/FirstPersonBP/Maps/map1.map1 to /Game/FirstPersonBP/Maps/UEDPIE_0_map1.map1 (0.040358s)
[2016.12.14-20.10.51:462][753]LogInit: XAudio2 using 'Speakers (Realtek High Definition Audio)' : 2 channels at 48 kHz using 32 bits per sample (channel mask 0x3)
[2016.12.14-20.10.51:471][753]LogInit: FAudioDevice initialized.
[2016.12.14-20.10.51:512][753]LogWorld: Game class is 'FirstPersonGameMode_C'
[2016.12.14-20.10.51:520][753]LogWorld: Bringing World /Game/FirstPersonBP/Maps/UEDPIE_0_map1.map1 up for play (max tick rate 0) at 2016.12.14-12.10.51
[2016.12.14-20.10.51:522][753]LogWorld: Bringing up level for play took: 0.009239
[2016.12.14-20.10.51:523][753]PIE: Info Play in editor start time for /Game/FirstPersonBP/Maps/UEDPIE_0_map1 0.812
[2016.12.14-20.10.51:524][753]LogBlueprintUserMessages: Late PlayInEditor Detection: Level '/Game/FirstPersonBP/Maps/map1.map1:PersistentLevel' has LevelScriptBlueprint '/Game/FirstPersonBP/Maps/map1.map1:PersistentLevel.map1' with GeneratedClass '/Game/FirstPersonBP/Maps/map1.map1_C' with ClassGeneratedBy '/Game/FirstPersonBP/Maps/map1.map1:PersistentLevel.map1'
[2016.12.14-20.11.13:848][  2]LogBlueprintUserMessages: Early EndPlayMap Detection: Level '/Game/FirstPersonBP/Maps/map1.map1:PersistentLevel' has LevelScriptBlueprint '/Game/FirstPersonBP/Maps/map1.map1:PersistentLevel.map1' with GeneratedClass '/Game/FirstPersonBP/Maps/map1.map1_C' with ClassGeneratedBy '/Game/FirstPersonBP/Maps/map1.map1:PersistentLevel.map1'
[2016.12.14-20.11.13:907][  2]LogBlueprintUserMessages: Late EndPlayMap Detection: Level '/Game/FirstPersonBP/Maps/map1.map1:PersistentLevel' has LevelScriptBlueprint '/Game/FirstPersonBP/Maps/map1.map1:PersistentLevel.map1' with GeneratedClass '/Game/FirstPersonBP/Maps/map1.map1_C' with ClassGeneratedBy '/Game/FirstPersonBP/Maps/map1.map1:PersistentLevel.map1'
[2016.12.14-20.11.25:760][481]BlueprintLog: New page: Compile AMonster
[2016.12.14-20.11.25:896][481]BlueprintEditorCompileResults: Info [0294.31] Compile of AMonster successful! [in 135 ms] (/Game/RobotFps/Monsters/M_Drone/AMonster.AMonster)
[2016.12.14-20.11.27:976][577]LogBlueprintUserMessages: Early PlayInEditor Detection: Level '/Game/FirstPersonBP/Maps/map1.map1:PersistentLevel' has LevelScriptBlueprint '/Game/FirstPersonBP/Maps/map1.map1:PersistentLevel.map1' with GeneratedClass '/Game/FirstPersonBP/Maps/map1.map1_C' with ClassGeneratedBy '/Game/FirstPersonBP/Maps/map1.map1:PersistentLevel.map1'
[2016.12.14-20.11.27:976][577]LogPlayLevel: PlayLevel: No blueprints needed recompiling
[2016.12.14-20.11.27:976][577]PIE: New page: PIE session: map1 (Dec 14, 2016, 4:11:27 AM)
[2016.12.14-20.11.27:976][577]LogPlayLevel: Creating play world package: /Game/FirstPersonBP/Maps/UEDPIE_0_map1
[2016.12.14-20.11.28:008][577]LogPlayLevel: PIE: StaticDuplicateObject took: (0.032261s)
[2016.12.14-20.11.28:009][577]LogAIModule: Creating AISystem for world map1
[2016.12.14-20.11.28:009][577]LogPlayLevel: PIE: World Init took: (0.000874s)
[2016.12.14-20.11.28:009][577]LogPlayLevel: PIE: Created PIE world by copying editor world from /Game/FirstPersonBP/Maps/map1.map1 to /Game/FirstPersonBP/Maps/UEDPIE_0_map1.map1 (0.033399s)
[2016.12.14-20.11.28:027][577]LogInit: XAudio2 using 'Speakers (Realtek High Definition Audio)' : 2 channels at 48 kHz using 32 bits per sample (channel mask 0x3)
[2016.12.14-20.11.28:034][577]LogInit: FAudioDevice initialized.
[2016.12.14-20.11.28:073][577]LogWorld: Game class is 'FirstPersonGameMode_C'
[2016.12.14-20.11.28:081][577]LogWorld: Bringing World /Game/FirstPersonBP/Maps/UEDPIE_0_map1.map1 up for play (max tick rate 0) at 2016.12.14-12.11.28
[2016.12.14-20.11.28:083][577]LogWorld: Bringing up level for play took: 0.009134
[2016.12.14-20.11.28:084][577]PIE: Info Play in editor start time for /Game/FirstPersonBP/Maps/UEDPIE_0_map1 -0.627
[2016.12.14-20.11.28:084][577]LogBlueprintUserMessages: Late PlayInEditor Detection: Level '/Game/FirstPersonBP/Maps/map1.map1:PersistentLevel' has LevelScriptBlueprint '/Game/FirstPersonBP/Maps/map1.map1:PersistentLevel.map1' with GeneratedClass '/Game/FirstPersonBP/Maps/map1.map1_C' with ClassGeneratedBy '/Game/FirstPersonBP/Maps/map1.map1:PersistentLevel.map1'
[2016.12.14-20.12.44:458][876]LogBlueprintUserMessages: Early EndPlayMap Detection: Level '/Game/FirstPersonBP/Maps/map1.map1:PersistentLevel' has LevelScriptBlueprint '/Game/FirstPersonBP/Maps/map1.map1:PersistentLevel.map1' with GeneratedClass '/Game/FirstPersonBP/Maps/map1.map1_C' with ClassGeneratedBy '/Game/FirstPersonBP/Maps/map1.map1:PersistentLevel.map1'
[2016.12.14-20.12.44:513][876]LogBlueprintUserMessages: Late EndPlayMap Detection: Level '/Game/FirstPersonBP/Maps/map1.map1:PersistentLevel' has LevelScriptBlueprint '/Game/FirstPersonBP/Maps/map1.map1:PersistentLevel.map1' with GeneratedClass '/Game/FirstPersonBP/Maps/map1.map1_C' with ClassGeneratedBy '/Game/FirstPersonBP/Maps/map1.map1:PersistentLevel.map1'
[2016.12.14-20.13.04:981][701]BlueprintLog: New page: Compile AMonster
[2016.12.14-20.13.05:457][701]BlueprintEditorCompileResults: Info [0393.87] Compile of AMonster successful! [in 475 ms] (/Game/RobotFps/Monsters/M_Drone/AMonster.AMonster)
[2016.12.14-20.13.07:294][785]LogBlueprintUserMessages: Early PlayInEditor Detection: Level '/Game/FirstPersonBP/Maps/map1.map1:PersistentLevel' has LevelScriptBlueprint '/Game/FirstPersonBP/Maps/map1.map1:PersistentLevel.map1' with GeneratedClass '/Game/FirstPersonBP/Maps/map1.map1_C' with ClassGeneratedBy '/Game/FirstPersonBP/Maps/map1.map1:PersistentLevel.map1'
[2016.12.14-20.13.07:294][785]LogPlayLevel: PlayLevel: No blueprints needed recompiling
[2016.12.14-20.13.07:294][785]PIE: New page: PIE session: map1 (Dec 14, 2016, 4:13:07 AM)
[2016.12.14-20.13.07:294][785]LogPlayLevel: Creating play world package: /Game/FirstPersonBP/Maps/UEDPIE_0_map1
[2016.12.14-20.13.07:329][785]LogPlayLevel: PIE: StaticDuplicateObject took: (0.034342s)
[2016.12.14-20.13.07:330][785]LogAIModule: Creating AISystem for world map1
[2016.12.14-20.13.07:330][785]LogPlayLevel: PIE: World Init took: (0.001263s)
[2016.12.14-20.13.07:330][785]LogPlayLevel: PIE: Created PIE world by copying editor world from /Game/FirstPersonBP/Maps/map1.map1 to /Game/FirstPersonBP/Maps/UEDPIE_0_map1.map1 (0.035991s)
[2016.12.14-20.13.07:348][785]LogInit: XAudio2 using 'Speakers (Realtek High Definition Audio)' : 2 channels at 48 kHz using 32 bits per sample (channel mask 0x3)
[2016.12.14-20.13.07:356][785]LogInit: FAudioDevice initialized.
[2016.12.14-20.13.07:399][785]LogWorld: Game class is 'FirstPersonGameMode_C'
[2016.12.14-20.13.07:408][785]LogWorld: Bringing World /Game/FirstPersonBP/Maps/UEDPIE_0_map1.map1 up for play (max tick rate 0) at 2016.12.14-12.13.07
[2016.12.14-20.13.07:410][785]LogWorld: Bringing up level for play took: 0.009863
[2016.12.14-20.13.07:411][785]PIE: Info Play in editor start time for /Game/FirstPersonBP/Maps/UEDPIE_0_map1 0.699
[2016.12.14-20.13.07:412][785]LogBlueprintUserMessages: Late PlayInEditor Detection: Level '/Game/FirstPersonBP/Maps/map1.map1:PersistentLevel' has LevelScriptBlueprint '/Game/FirstPersonBP/Maps/map1.map1:PersistentLevel.map1' with GeneratedClass '/Game/FirstPersonBP/Maps/map1.map1_C' with ClassGeneratedBy '/Game/FirstPersonBP/Maps/map1.map1:PersistentLevel.map1'
[2016.12.14-20.13.54:514][427]LogBlueprintUserMessages: Early EndPlayMap Detection: Level '/Game/FirstPersonBP/Maps/map1.map1:PersistentLevel' has LevelScriptBlueprint '/Game/FirstPersonBP/Maps/map1.map1:PersistentLevel.map1' with GeneratedClass '/Game/FirstPersonBP/Maps/map1.map1_C' with ClassGeneratedBy '/Game/FirstPersonBP/Maps/map1.map1:PersistentLevel.map1'
[2016.12.14-20.13.54:571][427]LogBlueprintUserMessages: Late EndPlayMap Detection: Level '/Game/FirstPersonBP/Maps/map1.map1:PersistentLevel' has LevelScriptBlueprint '/Game/FirstPersonBP/Maps/map1.map1:PersistentLevel.map1' with GeneratedClass '/Game/FirstPersonBP/Maps/map1.map1_C' with ClassGeneratedBy '/Game/FirstPersonBP/Maps/map1.map1:PersistentLevel.map1'
[2016.12.14-20.15.17:199][936]BlueprintLog: New page: Compile AMonster
[2016.12.14-20.15.17:340][936]BlueprintEditorCompileResults: Info [0525.75] Compile of AMonster successful! [in 141 ms] (/Game/RobotFps/Monsters/M_Drone/AMonster.AMonster)
[2016.12.14-20.15.45:849][143]LogRenderer: Reallocating scene render targets to support 776x668 (Frame:23351).
[2016.12.14-20.16.27:453][879]BlueprintLog: New page: Compile AMonster
[2016.12.14-20.16.27:594][879]BlueprintEditorCompileResults: Info [0596.00] Compile of AMonster successful! [in 141 ms] (/Game/RobotFps/Monsters/M_Drone/AMonster.AMonster)
[2016.12.14-20.17.41:282][969]LogProperty:Warning: ObjectProperty /Script/Engine.EdGraphPin:LinkedTo.LinkedTo: unresolved reference to 'EdGraphPin'K2Node_CallFunction_159.EdGraphPin_715''
[2016.12.14-20.17.41:282][969]LogProperty:Warning: ObjectProperty /Script/Engine.EdGraphPin:LinkedTo.LinkedTo: unresolved reference to 'EdGraphPin'K2Node_CallFunction_3258.EdGraphPin_676''
[2016.12.14-20.17.41:282][969]LogProperty:Warning: ObjectProperty /Script/Engine.EdGraphPin:LinkedTo.LinkedTo: unresolved reference to 'EdGraphPin'K2Node_CallFunction_3259.EdGraphPin_680''
[2016.12.14-20.17.41:283][969]LogProperty:Warning: ObjectProperty /Script/Engine.EdGraphPin:LinkedTo.LinkedTo: unresolved reference to 'EdGraphPin'K2Node_VariableGet_33.EdGraphPin_266''
[2016.12.14-20.18.04:967][959]BlueprintLog: New page: Compile AMonster
[2016.12.14-20.18.05:115][959]BlueprintEditorCompileResults: Info [0693.52] Compile of AMonster successful! [in 148 ms] (/Game/RobotFps/Monsters/M_Drone/AMonster.AMonster)
[2016.12.14-20.18.07:236][ 56]LogBlueprintUserMessages: Early PlayInEditor Detection: Level '/Game/FirstPersonBP/Maps/map1.map1:PersistentLevel' has LevelScriptBlueprint '/Game/FirstPersonBP/Maps/map1.map1:PersistentLevel.map1' with GeneratedClass '/Game/FirstPersonBP/Maps/map1.map1_C' with ClassGeneratedBy '/Game/FirstPersonBP/Maps/map1.map1:PersistentLevel.map1'
[2016.12.14-20.18.07:236][ 56]LogPlayLevel: PlayLevel: No blueprints needed recompiling
[2016.12.14-20.18.07:237][ 56]PIE: New page: PIE session: map1 (Dec 14, 2016, 4:18:07 AM)
[2016.12.14-20.18.07:237][ 56]LogPlayLevel: Creating play world package: /Game/FirstPersonBP/Maps/UEDPIE_0_map1
[2016.12.14-20.18.07:274][ 56]LogPlayLevel: PIE: StaticDuplicateObject took: (0.037554s)
[2016.12.14-20.18.07:275][ 56]LogAIModule: Creating AISystem for world map1
[2016.12.14-20.18.07:275][ 56]LogPlayLevel: PIE: World Init took: (0.001054s)
[2016.12.14-20.18.07:276][ 56]LogPlayLevel: PIE: Created PIE world by copying editor world from /Game/FirstPersonBP/Maps/map1.map1 to /Game/FirstPersonBP/Maps/UEDPIE_0_map1.map1 (0.038968s)
[2016.12.14-20.18.07:295][ 56]LogInit: XAudio2 using 'Speakers (Realtek High Definition Audio)' : 2 channels at 48 kHz using 32 bits per sample (channel mask 0x3)
[2016.12.14-20.18.07:303][ 56]LogInit: FAudioDevice initialized.
[2016.12.14-20.18.07:343][ 56]LogWorld: Game class is 'FirstPersonGameMode_C'
[2016.12.14-20.18.07:352][ 56]LogWorld: Bringing World /Game/FirstPersonBP/Maps/UEDPIE_0_map1.map1 up for play (max tick rate 0) at 2016.12.14-12.18.07
[2016.12.14-20.18.07:354][ 56]LogWorld: Bringing up level for play took: 0.009749
[2016.12.14-20.18.07:356][ 56]PIE: Info Play in editor start time for /Game/FirstPersonBP/Maps/UEDPIE_0_map1 0.637
[2016.12.14-20.18.07:356][ 56]LogBlueprintUserMessages: Late PlayInEditor Detection: Level '/Game/FirstPersonBP/Maps/map1.map1:PersistentLevel' has LevelScriptBlueprint '/Game/FirstPersonBP/Maps/map1.map1:PersistentLevel.map1' with GeneratedClass '/Game/FirstPersonBP/Maps/map1.map1_C' with ClassGeneratedBy '/Game/FirstPersonBP/Maps/map1.map1:PersistentLevel.map1'
[2016.12.14-20.19.38:666][171]LogBlueprintUserMessages: Early EndPlayMap Detection: Level '/Game/FirstPer